<?xml version="1.0" encoding="UTF-8"?>
<testsuites>
  <testsuite name="Delete Match Test Suite" timestamp="2023-05-18T00:21:08" time="38.989" tests="3" failures="3" errors="3" skipped="0">
    <properties>
      <property name="specId" value="0"/>
      <property name="suiteName" value="Delete Match Test Suite"/>
      <property name="capabilities" value="chrome.113_0_0_0.win32"/>
      <property name="file" value="file:///E:/video-editing/client/src/test/testDeleteMatch.js"/>
    </properties>
    <testcase classname="chrome.113_0_0_0.win32.Delete_Match_Test_Suite" name="Logged in successfully" time="35.738">
      <failure/>
      <error message="Can't call click on element with selector &quot;.MuiButtonBase-root.MuiIconButton-root.MuiIconButton-sizeMedium.css-78trlr-MuiButtonBase-root-MuiIconButton-root&quot; because element wasn't found"/>
      <system-out><![CDATA[
COMMAND: navigateTo - {"url":"http://ec2-50-19-42-157.compute-1.amazonaws.com/"}
RESULT: undefined
COMMAND: findElement - {"using":"css selector","value":"#login-username"}
RESULT: undefined
COMMAND: elementClear - {"elementId":"ELEMENT-1"}
RESULT: undefined
COMMAND: elementSendKeys - {"elementId":"ELEMENT-1","text":"congthanh"}
RESULT: undefined
COMMAND: findElement - {"using":"css selector","value":"#login-password"}
RESULT: undefined
COMMAND: elementClear - {"elementId":"ELEMENT-2"}
RESULT: undefined
COMMAND: elementSendKeys - {"elementId":"ELEMENT-2","text":"28072002Thanh@"}
RESULT: undefined
COMMAND: findElement - {"using":"css selector","value":".MuiButtonBase-root.MuiIconButton-root.MuiIconButton-sizeMedium.css-78trlr-MuiButtonBase-root-MuiIconButton-root"}
RESULT: undefined
COMMAND: findElements - {"using":"css selector","value":".MuiButtonBase-root.MuiIconButton-root.MuiIconButton-sizeMedium.css-78trlr-MuiButtonBase-root-MuiIconButton-root"}
RESULT: undefined
COMMAND: findElements - {"using":"css selector","value":".MuiButtonBase-root.MuiIconButton-root.MuiIconButton-sizeMedium.css-78trlr-MuiButtonBase-root-MuiIconButton-root"}
RESULT: undefined
COMMAND: findElements - {"using":"css selector","value":".MuiButtonBase-root.MuiIconButton-root.MuiIconButton-sizeMedium.css-78trlr-MuiButtonBase-root-MuiIconButton-root"}
RESULT: undefined
COMMAND: findElements - {"using":"css selector","value":".MuiButtonBase-root.MuiIconButton-root.MuiIconButton-sizeMedium.css-78trlr-MuiButtonBase-root-MuiIconButton-root"}
RESULT: undefined
COMMAND: findElements - {"using":"css selector","value":".MuiButtonBase-root.MuiIconButton-root.MuiIconButton-sizeMedium.css-78trlr-MuiButtonBase-root-MuiIconButton-root"}
RESULT: undefined
COMMAND: findElements - {"using":"css selector","value":".MuiButtonBase-root.MuiIconButton-root.MuiIconButton-sizeMedium.css-78trlr-MuiButtonBase-root-MuiIconButton-root"}
RESULT: undefined
COMMAND: findElements - {"using":"css selector","value":".MuiButtonBase-root.MuiIconButton-root.MuiIconButton-sizeMedium.css-78trlr-MuiButtonBase-root-MuiIconButton-root"}
RESULT: undefined
COMMAND: findElements - {"using":"css selector","value":".MuiButtonBase-root.MuiIconButton-root.MuiIconButton-sizeMedium.css-78trlr-MuiButtonBase-root-MuiIconButton-root"}
RESULT: undefined
COMMAND: findElements - {"using":"css selector","value":".MuiButtonBase-root.MuiIconButton-root.MuiIconButton-sizeMedium.css-78trlr-MuiButtonBase-root-MuiIconButton-root"}
RESULT: undefined
COMMAND: findElements - {"using":"css selector","value":".MuiButtonBase-root.MuiIconButton-root.MuiIconButton-sizeMedium.css-78trlr-MuiButtonBase-root-MuiIconButton-root"}
RESULT: undefined
COMMAND: findElements - {"using":"css selector","value":".MuiButtonBase-root.MuiIconButton-root.MuiIconButton-sizeMedium.css-78trlr-MuiButtonBase-root-MuiIconButton-root"}
RESULT: undefined
COMMAND: findElements - {"using":"css selector","value":".MuiButtonBase-root.MuiIconButton-root.MuiIconButton-sizeMedium.css-78trlr-MuiButtonBase-root-MuiIconButton-root"}
RESULT: undefined
COMMAND: findElements - {"using":"css selector","value":".MuiButtonBase-root.MuiIconButton-root.MuiIconButton-sizeMedium.css-78trlr-MuiButtonBase-root-MuiIconButton-root"}
RESULT: undefined
COMMAND: findElements - {"using":"css selector","value":".MuiButtonBase-root.MuiIconButton-root.MuiIconButton-sizeMedium.css-78trlr-MuiButtonBase-root-MuiIconButton-root"}
RESULT: undefined
COMMAND: findElements - {"using":"css selector","value":".MuiButtonBase-root.MuiIconButton-root.MuiIconButton-sizeMedium.css-78trlr-MuiButtonBase-root-MuiIconButton-root"}
RESULT: undefined
COMMAND: findElements - {"using":"css selector","value":".MuiButtonBase-root.MuiIconButton-root.MuiIconButton-sizeMedium.css-78trlr-MuiButtonBase-root-MuiIconButton-root"}
RESULT: undefined
COMMAND: findElements - {"using":"css selector","value":".MuiButtonBase-root.MuiIconButton-root.MuiIconButton-sizeMedium.css-78trlr-MuiButtonBase-root-MuiIconButton-root"}
RESULT: undefined
COMMAND: findElements - {"using":"css selector","value":".MuiButtonBase-root.MuiIconButton-root.MuiIconButton-sizeMedium.css-78trlr-MuiButtonBase-root-MuiIconButton-root"}
RESULT: undefined
COMMAND: findElements - {"using":"css selector","value":".MuiButtonBase-root.MuiIconButton-root.MuiIconButton-sizeMedium.css-78trlr-MuiButtonBase-root-MuiIconButton-root"}
RESULT: undefined
COMMAND: findElements - {"using":"css selector","value":".MuiButtonBase-root.MuiIconButton-root.MuiIconButton-sizeMedium.css-78trlr-MuiButtonBase-root-MuiIconButton-root"}
]]></system-out>
      <system-err><![CDATA[
Error: Can't call click on element with selector ".MuiButtonBase-root.MuiIconButton-root.MuiIconButton-sizeMedium.css-78trlr-MuiButtonBase-root-MuiIconButton-root" because element wasn't found
    at async Context.<anonymous> (file:///E:/video-editing/client/src/test/testDeleteMatch.js:12:5)
]]></system-err>
    </testcase>
    <testcase classname="chrome.113_0_0_0.win32.Delete_Match_Test_Suite" name="DeleteMatch1" time="2.169">
      <failure/>
      <error message="Cannot read properties of undefined (reading 'options')"/>
      <system-out><![CDATA[
RESULT: undefined
COMMAND: takeScreenshot - {}
RESULT: undefined
COMMAND: findElements - {"using":"css selector","value":"td"}
RESULT: undefined
]]></system-out>
      <system-err><![CDATA[
TypeError: Cannot read properties of undefined (reading 'options')
    at processTicksAndRejections (node:internal/process/task_queues:96:5)
    at async Context.<anonymous> (file:///E:/video-editing/client/src/test/testDeleteMatch.js:21:5)
]]></system-err>
    </testcase>
    <testcase classname="chrome.113_0_0_0.win32.Delete_Match_Test_Suite" name="DeleteMatch2" time="1.043">
      <failure/>
      <error message="Cannot read properties of undefined (reading 'options')"/>
      <system-out><![CDATA[
COMMAND: takeScreenshot - {}
COMMAND: findElements - {"using":"css selector","value":"td"}
RESULT: undefined
RESULT: undefined
COMMAND: takeScreenshot - {}
COMMAND: deleteSession - {}
RESULT: undefined
]]></system-out>
      <system-err><![CDATA[
TypeError: Cannot read properties of undefined (reading 'options')
    at processTicksAndRejections (node:internal/process/task_queues:96:5)
    at async Context.<anonymous> (file:///E:/video-editing/client/src/test/testDeleteMatch.js:35:5)
]]></system-err>
    </testcase>
  </testsuite>
</testsuites>