<?xml version="1.0" encoding="UTF-8"?>
<testsuites>
  <testsuite name="Sign In Test Suite" timestamp="2023-05-05T21:48:59" time="26.112" tests="1" failures="0" errors="0" skipped="0">
    <properties>
      <property name="specId" value="0"/>
      <property name="suiteName" value="Sign In Test Suite"/>
      <property name="capabilities" value="chrome.113_0_5672_63.windows"/>
      <property name="file" value="file:///E:/HCMUTE/video-editing/client/src/test/testLogout.js"/>
    </properties>
    <testcase classname="chrome.113_0_5672_63.windows.Sign_In_Test_Suite" name="should sign in successfully" time="26.101">
      <system-out><![CDATA[
COMMAND: POST /session/aedaf150c248acbd90599f557ee5a388/window/maximize - {}
COMMAND: POST /session/aedaf150c248acbd90599f557ee5a388/url - {"url":"http://localhost:3000/"}
RESULT: {}
RESULT: {"url":"http://localhost:3000/"}
COMMAND: POST /session/aedaf150c248acbd90599f557ee5a388/element - {"using":"css selector","value":"#login-username"}
RESULT: {"using":"css selector","value":"#login-username"}
COMMAND: POST /session/aedaf150c248acbd90599f557ee5a388/element/d396d877-ceed-4bd5-be76-3fa5758513df/clear - {}
RESULT: {}
COMMAND: POST /session/aedaf150c248acbd90599f557ee5a388/element/d396d877-ceed-4bd5-be76-3fa5758513df/value - {"text":"QuangHuy01"}
RESULT: {"text":"QuangHuy01"}
COMMAND: POST /session/aedaf150c248acbd90599f557ee5a388/element - {"using":"css selector","value":"#login-password"}
RESULT: {"using":"css selector","value":"#login-password"}
COMMAND: POST /session/aedaf150c248acbd90599f557ee5a388/element/42f1794f-9cf1-4040-b18c-2df2c0b3031d/clear - {}
RESULT: {}
COMMAND: POST /session/aedaf150c248acbd90599f557ee5a388/element/42f1794f-9cf1-4040-b18c-2df2c0b3031d/value - {"text":"Huyvff@111"}
RESULT: {"text":"Huyvff@111"}
COMMAND: POST /session/aedaf150c248acbd90599f557ee5a388/actions - {"actions":[{"id":"action1","type":"key","parameters":{},"actions":[{"type":"keyDown","value":""},{"type":"pause","duration":10},{"type":"keyUp","value":""}]}]}
RESULT: {"actions":[{"id":"action1","type":"key","parameters":{},"actions":[{"type":"keyDown","value":""},{"type":"pause","duration":10},{"type":"keyUp","value":""}]}]}
COMMAND: DELETE /session/aedaf150c248acbd90599f557ee5a388/actions - {}
RESULT: {}
COMMAND: POST /session/aedaf150c248acbd90599f557ee5a388/element - {"using":"css selector","value":"#logout-button"}
RESULT: {"using":"css selector","value":"#logout-button"}
COMMAND: POST /session/aedaf150c248acbd90599f557ee5a388/element/365d3556-05ed-4316-bef4-abd7da6a155c/click - {}
RESULT: {}
COMMAND: GET /session/aedaf150c248acbd90599f557ee5a388/screenshot - {}
RESULT: {}
COMMAND: GET /session/aedaf150c248acbd90599f557ee5a388/title - {}
COMMAND: DELETE /session/aedaf150c248acbd90599f557ee5a388 - {}
RESULT: {}
COMMAND: GET /session/aedaf150c248acbd90599f557ee5a388/title - {}
RESULT: {}
]]></system-out>
    </testcase>
  </testsuite>
</testsuites>