<?xml version="1.0" encoding="UTF-8"?>
<testsuites>
  <testsuite name="UpLoadJson Test Suite" timestamp="2023-05-05T21:50:01" time="19.073" tests="3" failures="2" errors="2" skipped="0">
    <properties>
      <property name="specId" value="0"/>
      <property name="suiteName" value="UpLoadJson Test Suite"/>
      <property name="capabilities" value="chrome.113_0_5672_63.windows"/>
      <property name="file" value="file:///E:/HCMUTE/video-editing/client/src/test/testUploadJson.js"/>
    </properties>
    <testcase classname="chrome.113_0_5672_63.windows.UpLoadJson_Test_Suite" name="Logged in successfully" time="7.87">
      <system-out><![CDATA[
COMMAND: POST /session/130ce325acb4925f7232bc78a726f46a/window/maximize - {}
COMMAND: POST /session/130ce325acb4925f7232bc78a726f46a/url - {"url":"http://localhost:3000/"}
RESULT: {}
RESULT: {"url":"http://localhost:3000/"}
COMMAND: POST /session/130ce325acb4925f7232bc78a726f46a/element - {"using":"css selector","value":"#login-username"}
RESULT: {"using":"css selector","value":"#login-username"}
COMMAND: POST /session/130ce325acb4925f7232bc78a726f46a/element/7d5c87b9-4273-4628-aa4c-d0c5d7a95d48/clear - {}
RESULT: {}
COMMAND: POST /session/130ce325acb4925f7232bc78a726f46a/element/7d5c87b9-4273-4628-aa4c-d0c5d7a95d48/value - {"text":"congthanh"}
RESULT: {"text":"congthanh"}
COMMAND: POST /session/130ce325acb4925f7232bc78a726f46a/element - {"using":"css selector","value":"#login-password"}
RESULT: {"using":"css selector","value":"#login-password"}
COMMAND: POST /session/130ce325acb4925f7232bc78a726f46a/element/18072614-fd27-4317-bbb3-af3be7c012ae/clear - {}
RESULT: {}
COMMAND: POST /session/130ce325acb4925f7232bc78a726f46a/element/18072614-fd27-4317-bbb3-af3be7c012ae/value - {"text":"28072002Thanh@"}
RESULT: {"text":"28072002Thanh@"}
COMMAND: POST /session/130ce325acb4925f7232bc78a726f46a/element - {"using":"css selector","value":".MuiButtonBase-root.MuiIconButton-root.MuiIconButton-sizeMedium.css-78trlr-MuiButtonBase-root-MuiIconButton-root"}
RESULT: {"using":"css selector","value":".MuiButtonBase-root.MuiIconButton-root.MuiIconButton-sizeMedium.css-78trlr-MuiButtonBase-root-MuiIconButton-root"}
COMMAND: POST /session/130ce325acb4925f7232bc78a726f46a/element/6689fc19-e26b-4029-ae17-23770b816fc0/click - {}
RESULT: {}
COMMAND: POST /session/130ce325acb4925f7232bc78a726f46a/element - {"using":"css selector","value":"#login-button"}
RESULT: {"using":"css selector","value":"#login-button"}
COMMAND: POST /session/130ce325acb4925f7232bc78a726f46a/element/594718d0-ac95-46ff-9ea4-316c274a61ad/click - {}
RESULT: {}
COMMAND: GET /session/130ce325acb4925f7232bc78a726f46a/screenshot - {}
RESULT: {}
COMMAND: GET /session/130ce325acb4925f7232bc78a726f46a/title - {}
]]></system-out>
    </testcase>
    <testcase classname="chrome.113_0_5672_63.windows.UpLoadJson_Test_Suite" name="UpLoadJson1" time="0.13">
      <failure/>
      <error message="Cannot read properties of undefined (reading 'options')"/>
      <system-out><![CDATA[
COMMAND: POST /session/130ce325acb4925f7232bc78a726f46a/window/maximize - {}
COMMAND: POST /session/130ce325acb4925f7232bc78a726f46a/elements - {"using":"css selector","value":"td"}
RESULT: {}
RESULT: {}
RESULT: {"using":"css selector","value":"td"}
COMMAND: GET /session/130ce325acb4925f7232bc78a726f46a/screenshot - {}
]]></system-out>
      <system-err><![CDATA[
TypeError: Cannot read properties of undefined (reading 'options')
    at processTicksAndRejections (node:internal/process/task_queues:96:5)
    at async Context.<anonymous> (file:///E:/HCMUTE/video-editing/client/src/test/testUploadJson.js:16:9)
]]></system-err>
    </testcase>
    <testcase classname="chrome.113_0_5672_63.windows.UpLoadJson_Test_Suite" name="UpLoadJson2" time="11.059">
      <failure/>
      <error message="Can't call setValue on element with selector &quot;span[title=&quot;types: JSON&quot;]&quot; because element wasn't found"/>
      <system-out><![CDATA[
COMMAND: POST /session/130ce325acb4925f7232bc78a726f46a/window/maximize - {}
RESULT: {}
RESULT: {}
COMMAND: GET /session/130ce325acb4925f7232bc78a726f46a/title - {}
RESULT: {}
COMMAND: GET /session/130ce325acb4925f7232bc78a726f46a/title - {}
RESULT: {}
COMMAND: POST /session/130ce325acb4925f7232bc78a726f46a/element - {"using":"css selector","value":"span[title=\"types: JSON\"]"}
RESULT: {"using":"css selector","value":"span[title=\"types: JSON\"]"}
COMMAND: POST /session/130ce325acb4925f7232bc78a726f46a/elements - {"using":"css selector","value":"span[title=\"types: JSON\"]"}
RESULT: {"using":"css selector","value":"span[title=\"types: JSON\"]"}
COMMAND: GET /session/130ce325acb4925f7232bc78a726f46a/title - {}
RESULT: {}
COMMAND: POST /session/130ce325acb4925f7232bc78a726f46a/elements - {"using":"css selector","value":"span[title=\"types: JSON\"]"}
RESULT: {"using":"css selector","value":"span[title=\"types: JSON\"]"}
COMMAND: GET /session/130ce325acb4925f7232bc78a726f46a/title - {}
RESULT: {}
COMMAND: POST /session/130ce325acb4925f7232bc78a726f46a/elements - {"using":"css selector","value":"span[title=\"types: JSON\"]"}
RESULT: {"using":"css selector","value":"span[title=\"types: JSON\"]"}
COMMAND: GET /session/130ce325acb4925f7232bc78a726f46a/title - {}
RESULT: {}
COMMAND: POST /session/130ce325acb4925f7232bc78a726f46a/elements - {"using":"css selector","value":"span[title=\"types: JSON\"]"}
RESULT: {"using":"css selector","value":"span[title=\"types: JSON\"]"}
COMMAND: GET /session/130ce325acb4925f7232bc78a726f46a/title - {}
COMMAND: POST /session/130ce325acb4925f7232bc78a726f46a/elements - {"using":"css selector","value":"span[title=\"types: JSON\"]"}
RESULT: {}
RESULT: {"using":"css selector","value":"span[title=\"types: JSON\"]"}
COMMAND: POST /session/130ce325acb4925f7232bc78a726f46a/elements - {"using":"css selector","value":"span[title=\"types: JSON\"]"}
COMMAND: GET /session/130ce325acb4925f7232bc78a726f46a/title - {}
RESULT: {"using":"css selector","value":"span[title=\"types: JSON\"]"}
RESULT: {}
COMMAND: POST /session/130ce325acb4925f7232bc78a726f46a/elements - {"using":"css selector","value":"span[title=\"types: JSON\"]"}
RESULT: {"using":"css selector","value":"span[title=\"types: JSON\"]"}
COMMAND: GET /session/130ce325acb4925f7232bc78a726f46a/title - {}
RESULT: {}
COMMAND: POST /session/130ce325acb4925f7232bc78a726f46a/elements - {"using":"css selector","value":"span[title=\"types: JSON\"]"}
RESULT: {"using":"css selector","value":"span[title=\"types: JSON\"]"}
COMMAND: GET /session/130ce325acb4925f7232bc78a726f46a/title - {}
RESULT: {}
COMMAND: POST /session/130ce325acb4925f7232bc78a726f46a/elements - {"using":"css selector","value":"span[title=\"types: JSON\"]"}
RESULT: {"using":"css selector","value":"span[title=\"types: JSON\"]"}
COMMAND: GET /session/130ce325acb4925f7232bc78a726f46a/title - {}
RESULT: {}
COMMAND: POST /session/130ce325acb4925f7232bc78a726f46a/elements - {"using":"css selector","value":"span[title=\"types: JSON\"]"}
COMMAND: GET /session/130ce325acb4925f7232bc78a726f46a/title - {}
RESULT: {"using":"css selector","value":"span[title=\"types: JSON\"]"}
RESULT: {}
COMMAND: POST /session/130ce325acb4925f7232bc78a726f46a/elements - {"using":"css selector","value":"span[title=\"types: JSON\"]"}
RESULT: {"using":"css selector","value":"span[title=\"types: JSON\"]"}
COMMAND: GET /session/130ce325acb4925f7232bc78a726f46a/title - {}
RESULT: {}
COMMAND: POST /session/130ce325acb4925f7232bc78a726f46a/elements - {"using":"css selector","value":"span[title=\"types: JSON\"]"}
RESULT: {"using":"css selector","value":"span[title=\"types: JSON\"]"}
COMMAND: GET /session/130ce325acb4925f7232bc78a726f46a/title - {}
RESULT: {}
COMMAND: POST /session/130ce325acb4925f7232bc78a726f46a/elements - {"using":"css selector","value":"span[title=\"types: JSON\"]"}
RESULT: {"using":"css selector","value":"span[title=\"types: JSON\"]"}
COMMAND: GET /session/130ce325acb4925f7232bc78a726f46a/title - {}
RESULT: {}
COMMAND: POST /session/130ce325acb4925f7232bc78a726f46a/elements - {"using":"css selector","value":"span[title=\"types: JSON\"]"}
RESULT: {"using":"css selector","value":"span[title=\"types: JSON\"]"}
COMMAND: GET /session/130ce325acb4925f7232bc78a726f46a/title - {}
RESULT: {}
COMMAND: POST /session/130ce325acb4925f7232bc78a726f46a/elements - {"using":"css selector","value":"span[title=\"types: JSON\"]"}
RESULT: {"using":"css selector","value":"span[title=\"types: JSON\"]"}
COMMAND: GET /session/130ce325acb4925f7232bc78a726f46a/title - {}
RESULT: {}
COMMAND: POST /session/130ce325acb4925f7232bc78a726f46a/elements - {"using":"css selector","value":"span[title=\"types: JSON\"]"}
RESULT: {"using":"css selector","value":"span[title=\"types: JSON\"]"}
COMMAND: GET /session/130ce325acb4925f7232bc78a726f46a/title - {}
RESULT: {}
COMMAND: POST /session/130ce325acb4925f7232bc78a726f46a/elements - {"using":"css selector","value":"span[title=\"types: JSON\"]"}
RESULT: {"using":"css selector","value":"span[title=\"types: JSON\"]"}
COMMAND: GET /session/130ce325acb4925f7232bc78a726f46a/title - {}
RESULT: {}
COMMAND: POST /session/130ce325acb4925f7232bc78a726f46a/elements - {"using":"css selector","value":"span[title=\"types: JSON\"]"}
RESULT: {"using":"css selector","value":"span[title=\"types: JSON\"]"}
COMMAND: POST /session/130ce325acb4925f7232bc78a726f46a/elements - {"using":"css selector","value":"span[title=\"types: JSON\"]"}
RESULT: {"using":"css selector","value":"span[title=\"types: JSON\"]"}
COMMAND: POST /session/130ce325acb4925f7232bc78a726f46a/elements - {"using":"css selector","value":"span[title=\"types: JSON\"]"}
RESULT: {"using":"css selector","value":"span[title=\"types: JSON\"]"}
COMMAND: POST /session/130ce325acb4925f7232bc78a726f46a/elements - {"using":"css selector","value":"span[title=\"types: JSON\"]"}
COMMAND: GET /session/130ce325acb4925f7232bc78a726f46a/screenshot - {}
COMMAND: DELETE /session/130ce325acb4925f7232bc78a726f46a - {}
RESULT: {"using":"css selector","value":"span[title=\"types: JSON\"]"}
RESULT: {}
RESULT: {}
]]></system-out>
      <system-err><![CDATA[
Error: Can't call setValue on element with selector "span[title="types: JSON"]" because element wasn't found
    at async Context.<anonymous> (file:///E:/HCMUTE/video-editing/client/src/test/testUploadJson.js:25:9)
]]></system-err>
    </testcase>
  </testsuite>
</testsuites>