<?xml version="1.0" encoding="UTF-8"?>
<testsuites>
  <testsuite name="Add Match" timestamp="2023-05-05T21:46:31" time="46.348" tests="1" failures="1" errors="1" skipped="0">
    <properties>
      <property name="specId" value="0"/>
      <property name="suiteName" value="Add Match"/>
      <property name="capabilities" value="chrome.113_0_5672_63.windows"/>
      <property name="file" value="file:///E:/HCMUTE/video-editing/client/src/test/TestAddMatch02.js"/>
    </properties>
    <testcase classname="chrome.113_0_5672_63.windows.Add_Match" name="should Add Match successfully" time="46.339">
      <failure/>
      <error message="element not interactable&#xA;  (Session info: chrome=113.0.5672.63)"/>
      <system-out><![CDATA[
COMMAND: POST /session/53e1dcc4def77e06125159b9d5c99664/window/maximize - {}
COMMAND: POST /session/53e1dcc4def77e06125159b9d5c99664/url - {"url":"http://localhost:3000/"}
RESULT: {}
RESULT: {"url":"http://localhost:3000/"}
COMMAND: POST /session/53e1dcc4def77e06125159b9d5c99664/element - {"using":"css selector","value":"#login-username"}
RESULT: {"using":"css selector","value":"#login-username"}
COMMAND: POST /session/53e1dcc4def77e06125159b9d5c99664/element/432cc88a-6eeb-44a2-88ef-f29dab9e7910/clear - {}
RESULT: {}
COMMAND: POST /session/53e1dcc4def77e06125159b9d5c99664/element/432cc88a-6eeb-44a2-88ef-f29dab9e7910/value - {"text":"QuangHuy01"}
RESULT: {"text":"QuangHuy01"}
COMMAND: POST /session/53e1dcc4def77e06125159b9d5c99664/element - {"using":"css selector","value":"#login-password"}
RESULT: {"using":"css selector","value":"#login-password"}
COMMAND: POST /session/53e1dcc4def77e06125159b9d5c99664/element/bb281593-5c8f-47ec-9747-33f6523e3d26/clear - {}
RESULT: {}
COMMAND: POST /session/53e1dcc4def77e06125159b9d5c99664/element/bb281593-5c8f-47ec-9747-33f6523e3d26/value - {"text":"Huyvff@111"}
RESULT: {"text":"Huyvff@111"}
COMMAND: POST /session/53e1dcc4def77e06125159b9d5c99664/actions - {"actions":[{"id":"action1","type":"key","parameters":{},"actions":[{"type":"keyDown","value":""},{"type":"pause","duration":10},{"type":"keyUp","value":""}]}]}
RESULT: {"actions":[{"id":"action1","type":"key","parameters":{},"actions":[{"type":"keyDown","value":""},{"type":"pause","duration":10},{"type":"keyUp","value":""}]}]}
COMMAND: DELETE /session/53e1dcc4def77e06125159b9d5c99664/actions - {}
RESULT: {}
COMMAND: POST /session/53e1dcc4def77e06125159b9d5c99664/element - {"using":"css selector","value":"button[type=button]"}
RESULT: {"using":"css selector","value":"button[type=button]"}
COMMAND: POST /session/53e1dcc4def77e06125159b9d5c99664/element - {"using":"css selector","value":"button[type=submit]"}
RESULT: {"using":"css selector","value":"button[type=submit]"}
COMMAND: POST /session/53e1dcc4def77e06125159b9d5c99664/element/8ba6eb1b-1a38-4a0b-9ebe-51e661888c08/click - {}
RESULT: {}
COMMAND: POST /session/53e1dcc4def77e06125159b9d5c99664/element - {"using":"css selector","value":"#\\:r7\\:"}
RESULT: {"using":"css selector","value":"#\\:r7\\:"}
COMMAND: POST /session/53e1dcc4def77e06125159b9d5c99664/elements - {"using":"css selector","value":"#\\:r7\\:"}
RESULT: {"using":"css selector","value":"#\\:r7\\:"}
COMMAND: POST /session/53e1dcc4def77e06125159b9d5c99664/elements - {"using":"css selector","value":"#\\:r7\\:"}
RESULT: {"using":"css selector","value":"#\\:r7\\:"}
COMMAND: POST /session/53e1dcc4def77e06125159b9d5c99664/elements - {"using":"css selector","value":"#\\:r7\\:"}
RESULT: {"using":"css selector","value":"#\\:r7\\:"}
COMMAND: POST /session/53e1dcc4def77e06125159b9d5c99664/elements - {"using":"css selector","value":"#\\:r7\\:"}
RESULT: {"using":"css selector","value":"#\\:r7\\:"}
COMMAND: POST /session/53e1dcc4def77e06125159b9d5c99664/elements - {"using":"css selector","value":"#\\:r7\\:"}
RESULT: {"using":"css selector","value":"#\\:r7\\:"}
COMMAND: POST /session/53e1dcc4def77e06125159b9d5c99664/elements - {"using":"css selector","value":"#\\:r7\\:"}
RESULT: {"using":"css selector","value":"#\\:r7\\:"}
COMMAND: POST /session/53e1dcc4def77e06125159b9d5c99664/element - {"using":"css selector","value":"#\\:r7\\:"}
RESULT: {"using":"css selector","value":"#\\:r7\\:"}
COMMAND: POST /session/53e1dcc4def77e06125159b9d5c99664/element/56990fa0-4ffa-4deb-bc7a-36d4b4cb4a3b/clear - {}
COMMAND: GET /session/53e1dcc4def77e06125159b9d5c99664/screenshot - {}
COMMAND: DELETE /session/53e1dcc4def77e06125159b9d5c99664 - {}
RESULT: {}
RESULT: {}
]]></system-out>
      <system-err><![CDATA[
element not interactable: element not interactable
  (Session info: chrome=113.0.5672.63)
    at processTicksAndRejections (node:internal/process/task_queues:96:5)
]]></system-err>
    </testcase>
  </testsuite>
</testsuites>