<?xml version="1.0" encoding="UTF-8"?>
<testsuites>
<<<<<<< HEAD
  <testsuite name="Add Video" timestamp="2023-05-20T01:12:03" time="4.664" tests="5" failures="5" errors="5" skipped="0">
    <properties>
      <property name="specId" value="0"/>
      <property name="suiteName" value="Add Video"/>
      <property name="capabilities" value="chrome.113_0_5672_126.macosx"/>
      <property name="file" value="file://./src/test/TestAddVideo.js"/>
    </properties>
    <testcase classname="chrome.113_0_5672_126.macosx.Add_Video" name="should Add AddVideo successfully" time="4.6">
      <failure/>
      <error message="no such window: target window already closed&#xA;from unknown error: web view not found&#xA;  (Session info: chrome=113.0.5672.126)"/>
      <system-out><![CDATA[
COMMAND: POST /session/eec99d16eed865c48ab23ee039ee0238/window/maximize - {}
COMMAND: POST /session/eec99d16eed865c48ab23ee039ee0238/url - {"url":"http://ec2-50-19-42-157.compute-1.amazonaws.com/"}
RESULT: {}
RESULT: {"url":"http://ec2-50-19-42-157.compute-1.amazonaws.com/"}
COMMAND: POST /session/eec99d16eed865c48ab23ee039ee0238/element - {"using":"css selector","value":"#login-username"}
COMMAND: GET /session/eec99d16eed865c48ab23ee039ee0238/screenshot - {}
]]></system-out>
      <system-err><![CDATA[
no such window: no such window: target window already closed
from unknown error: web view not found
  (Session info: chrome=113.0.5672.126)
    at process.processTicksAndRejections (node:internal/process/task_queues:95:5)
    at async Context.<anonymous> (file:///Users/hoangtoannguyen/HCMUTE/CCPTPM/Documents/video-editing/client/src/test/TestAddVideo.js:6:22)
]]></system-err>
    </testcase>
    <testcase classname="chrome.113_0_5672_126.macosx.Add_Video" name="should Add AddVideo successfully SameName" time="0.019">
      <failure/>
      <error message="no such window: target window already closed&#xA;from unknown error: web view not found&#xA;  (Session info: chrome=113.0.5672.126)"/>
      <system-out><![CDATA[
COMMAND: POST /session/eec99d16eed865c48ab23ee039ee0238/window/maximize - {}
COMMAND: POST /session/eec99d16eed865c48ab23ee039ee0238/refresh - {}
COMMAND: GET /session/eec99d16eed865c48ab23ee039ee0238/screenshot - {}
]]></system-out>
      <system-err><![CDATA[
no such window: no such window: target window already closed
from unknown error: web view not found
  (Session info: chrome=113.0.5672.126)
    at process.processTicksAndRejections (node:internal/process/task_queues:95:5)
    at async Context.<anonymous> (file:///Users/hoangtoannguyen/HCMUTE/CCPTPM/Documents/video-editing/client/src/test/TestAddVideo.js:39:5)
]]></system-err>
    </testcase>
    <testcase classname="chrome.113_0_5672_126.macosx.Add_Video" name="should Add AddVideo Fail Add Title" time="0.008">
      <failure/>
      <error message="no such window: target window already closed&#xA;from unknown error: web view not found&#xA;  (Session info: chrome=113.0.5672.126)"/>
      <system-out><![CDATA[
COMMAND: POST /session/eec99d16eed865c48ab23ee039ee0238/window/maximize - {}
COMMAND: POST /session/eec99d16eed865c48ab23ee039ee0238/refresh - {}
COMMAND: GET /session/eec99d16eed865c48ab23ee039ee0238/screenshot - {}
]]></system-out>
      <system-err><![CDATA[
no such window: no such window: target window already closed
from unknown error: web view not found
  (Session info: chrome=113.0.5672.126)
    at process.processTicksAndRejections (node:internal/process/task_queues:95:5)
    at async Context.<anonymous> (file:///Users/hoangtoannguyen/HCMUTE/CCPTPM/Documents/video-editing/client/src/test/TestAddVideo.js:66:5)
]]></system-err>
    </testcase>
    <testcase classname="chrome.113_0_5672_126.macosx.Add_Video" name="should Add AddVideo Success not add logo" time="0.01">
      <failure/>
      <error message="no such window: target window already closed&#xA;from unknown error: web view not found&#xA;  (Session info: chrome=113.0.5672.126)"/>
      <system-out><![CDATA[
COMMAND: POST /session/eec99d16eed865c48ab23ee039ee0238/window/maximize - {}
COMMAND: POST /session/eec99d16eed865c48ab23ee039ee0238/refresh - {}
COMMAND: GET /session/eec99d16eed865c48ab23ee039ee0238/screenshot - {}
]]></system-out>
      <system-err><![CDATA[
no such window: no such window: target window already closed
from unknown error: web view not found
  (Session info: chrome=113.0.5672.126)
    at process.processTicksAndRejections (node:internal/process/task_queues:95:5)
    at async Context.<anonymous> (file:///Users/hoangtoannguyen/HCMUTE/CCPTPM/Documents/video-editing/client/src/test/TestAddVideo.js:95:5)
]]></system-err>
    </testcase>
    <testcase classname="chrome.113_0_5672_126.macosx.Add_Video" name="should Add AddVideo Success no add logo" time="0.017">
      <failure/>
      <error message="no such window: target window already closed&#xA;from unknown error: web view not found&#xA;  (Session info: chrome=113.0.5672.126)"/>
      <system-out><![CDATA[
COMMAND: POST /session/eec99d16eed865c48ab23ee039ee0238/window/maximize - {}
COMMAND: POST /session/eec99d16eed865c48ab23ee039ee0238/refresh - {}
COMMAND: GET /session/eec99d16eed865c48ab23ee039ee0238/screenshot - {}
COMMAND: DELETE /session/eec99d16eed865c48ab23ee039ee0238 - {}
RESULT: {}
]]></system-out>
      <system-err><![CDATA[
no such window: no such window: target window already closed
from unknown error: web view not found
  (Session info: chrome=113.0.5672.126)
    at process.processTicksAndRejections (node:internal/process/task_queues:95:5)
    at async Context.<anonymous> (file:///Users/hoangtoannguyen/HCMUTE/CCPTPM/Documents/video-editing/client/src/test/TestAddVideo.js:132:5)
]]></system-err>
=======
  <testsuite name="Sign in Test Suite" timestamp="2023-05-20T02:23:23" time="9.711" tests="4" failures="0" errors="0" skipped="0">
    <properties>
      <property name="specId" value="0"/>
      <property name="suiteName" value="Sign in Test Suite"/>
      <property name="capabilities" value="edge.113_0_1774_42.win32"/>
      <property name="file" value="file:///F:/CNTT/N3/Ky2/Software_tool_and_enviroment/%C4%90A/video-editing/client/src/test/00TestLogin.js"/>
    </properties>
    <testcase classname="edge.113_0_1774_42.win32.Sign_in_Test_Suite" name="Login with wrong username" time="5.706">
      <system-out><![CDATA[
COMMAND: navigateTo - {"url":"http://ec2-34-226-247-45.compute-1.amazonaws.com/"}
RESULT: undefined
COMMAND: findElement - {"using":"css selector","value":"#login-username"}
RESULT: undefined
COMMAND: elementClear - {"elementId":"ELEMENT-1"}
RESULT: undefined
COMMAND: elementSendKeys - {"elementId":"ELEMENT-1","text":"congthanh28"}
RESULT: undefined
COMMAND: findElement - {"using":"css selector","value":"#login-password"}
RESULT: undefined
COMMAND: elementClear - {"elementId":"ELEMENT-2"}
RESULT: undefined
COMMAND: elementSendKeys - {"elementId":"ELEMENT-2","text":"28072002Thanh@"}
RESULT: undefined
COMMAND: findElement - {"using":"css selector","value":"#login-button"}
RESULT: undefined
COMMAND: elementClick - {"elementId":"ELEMENT-3"}
RESULT: undefined
COMMAND: takeScreenshot - {}
RESULT: undefined
]]></system-out>
    </testcase>
    <testcase classname="edge.113_0_1774_42.win32.Sign_in_Test_Suite" name="Login with wrong password" time="1.374">
      <system-out><![CDATA[
COMMAND: getTitle - {}
RESULT: undefined
COMMAND: navigateTo - {"url":"http://ec2-34-226-247-45.compute-1.amazonaws.com/"}
RESULT: undefined
COMMAND: findElement - {"using":"css selector","value":"#login-username"}
RESULT: undefined
COMMAND: elementClear - {"elementId":"ELEMENT-4"}
RESULT: undefined
COMMAND: elementSendKeys - {"elementId":"ELEMENT-4","text":"congthanh"}
COMMAND: getTitle - {}
RESULT: undefined
RESULT: undefined
COMMAND: findElement - {"using":"css selector","value":"#login-password"}
RESULT: undefined
COMMAND: elementClear - {"elementId":"ELEMENT-5"}
RESULT: undefined
COMMAND: elementSendKeys - {"elementId":"ELEMENT-5","text":"28072002Thanh@1"}
RESULT: undefined
COMMAND: findElement - {"using":"css selector","value":"#login-button"}
RESULT: undefined
COMMAND: elementClick - {"elementId":"ELEMENT-6"}
RESULT: undefined
COMMAND: takeScreenshot - {}
COMMAND: getTitle - {}
RESULT: undefined
RESULT: undefined
]]></system-out>
    </testcase>
    <testcase classname="edge.113_0_1774_42.win32.Sign_in_Test_Suite" name="Login to the wrong account" time="1.316">
      <system-out><![CDATA[
COMMAND: getTitle - {}
RESULT: undefined
COMMAND: navigateTo - {"url":"http://ec2-34-226-247-45.compute-1.amazonaws.com/"}
RESULT: undefined
COMMAND: findElement - {"using":"css selector","value":"#login-username"}
COMMAND: getTitle - {}
RESULT: undefined
RESULT: undefined
COMMAND: elementClear - {"elementId":"ELEMENT-7"}
RESULT: undefined
COMMAND: elementSendKeys - {"elementId":"ELEMENT-7","text":"congthanh27"}
COMMAND: getTitle - {}
RESULT: undefined
RESULT: undefined
COMMAND: findElement - {"using":"css selector","value":"#login-password"}
RESULT: undefined
COMMAND: elementClear - {"elementId":"ELEMENT-8"}
RESULT: undefined
COMMAND: elementSendKeys - {"elementId":"ELEMENT-8","text":"28072002Thanh@123"}
COMMAND: getTitle - {}
RESULT: undefined
RESULT: undefined
COMMAND: findElement - {"using":"css selector","value":"#login-button"}
RESULT: undefined
COMMAND: elementClick - {"elementId":"ELEMENT-9"}
RESULT: undefined
COMMAND: takeScreenshot - {}
COMMAND: getTitle - {}
RESULT: undefined
RESULT: undefined
]]></system-out>
    </testcase>
    <testcase classname="edge.113_0_1774_42.win32.Sign_in_Test_Suite" name="Logged in successfully" time="1.266">
      <system-out><![CDATA[
COMMAND: getTitle - {}
RESULT: undefined
COMMAND: navigateTo - {"url":"http://ec2-34-226-247-45.compute-1.amazonaws.com/"}
COMMAND: getTitle - {}
RESULT: undefined
RESULT: undefined
COMMAND: findElement - {"using":"css selector","value":"#login-username"}
COMMAND: getTitle - {}
RESULT: undefined
RESULT: undefined
COMMAND: elementClear - {"elementId":"ELEMENT-10"}
RESULT: undefined
COMMAND: elementSendKeys - {"elementId":"ELEMENT-10","text":"congthanh"}
COMMAND: getTitle - {}
COMMAND: getTitle - {}
RESULT: undefined
RESULT: undefined
RESULT: undefined
COMMAND: findElement - {"using":"css selector","value":"#login-password"}
RESULT: undefined
COMMAND: elementClear - {"elementId":"ELEMENT-11"}
RESULT: undefined
COMMAND: elementSendKeys - {"elementId":"ELEMENT-11","text":"28072002Thanh@"}
COMMAND: getTitle - {}
RESULT: undefined
RESULT: undefined
COMMAND: findElement - {"using":"css selector","value":"#login-button"}
RESULT: undefined
COMMAND: elementClick - {"elementId":"ELEMENT-12"}
RESULT: undefined
COMMAND: takeScreenshot - {}
RESULT: undefined
COMMAND: getTitle - {}
COMMAND: getTitle - {}
COMMAND: getTitle - {}
RESULT: undefined
RESULT: undefined
RESULT: undefined
COMMAND: deleteSession - {}
RESULT: undefined
]]></system-out>
>>>>>>> 9120012c93090c4f1891bcb49dcc16a3f87388a8
    </testcase>
  </testsuite>
</testsuites>