<?xml version="1.0" encoding="UTF-8"?>
<testsuites>
  <testsuite name="Search Match" timestamp="2023-05-20T01:12:02" time="5.361" tests="2" failures="2" errors="2" skipped="0">
    <properties>
      <property name="specId" value="0"/>
      <property name="suiteName" value="Search Match"/>
      <property name="capabilities" value="chrome.113_0_5672_126.macosx"/>
      <property name="file" value="file://./src/test/TestSearchMatch.js"/>
    </properties>
    <testcase classname="chrome.113_0_5672_126.macosx.Search_Match" name="should Search Video full option successfully" time="5.33">
      <failure/>
      <error message="no such window: target window already closed&#xA;from unknown error: web view not found&#xA;  (Session info: chrome=113.0.5672.126)"/>
      <system-out><![CDATA[
COMMAND: POST /session/2e52a5e30689962661a8c3cd8457a653/window/maximize - {}
COMMAND: POST /session/2e52a5e30689962661a8c3cd8457a653/url - {"url":"http://ec2-50-19-42-157.compute-1.amazonaws.com/"}
RESULT: {}
RESULT: {"url":"http://ec2-50-19-42-157.compute-1.amazonaws.com/"}
COMMAND: POST /session/2e52a5e30689962661a8c3cd8457a653/element - {"using":"css selector","value":"#login-username"}
COMMAND: GET /session/2e52a5e30689962661a8c3cd8457a653/screenshot - {}
]]></system-out>
      <system-err><![CDATA[
no such window: no such window: target window already closed
from unknown error: web view not found
  (Session info: chrome=113.0.5672.126)
    at process.processTicksAndRejections (node:internal/process/task_queues:95:5)
    at async Context.<anonymous> (file:///Users/hoangtoannguyen/HCMUTE/CCPTPM/Documents/video-editing/client/src/test/TestSearchMatch.js:6:22)
]]></system-err>
    </testcase>
    <testcase classname="chrome.113_0_5672_126.macosx.Search_Match" name="should Search Video nodata" time="0.021">
      <failure/>
      <error message="no such window: target window already closed&#xA;from unknown error: web view not found&#xA;  (Session info: chrome=113.0.5672.126)"/>
      <system-out><![CDATA[
COMMAND: POST /session/2e52a5e30689962661a8c3cd8457a653/window/maximize - {}
COMMAND: POST /session/2e52a5e30689962661a8c3cd8457a653/refresh - {}
COMMAND: GET /session/2e52a5e30689962661a8c3cd8457a653/screenshot - {}
COMMAND: DELETE /session/2e52a5e30689962661a8c3cd8457a653 - {}
RESULT: {}
]]></system-out>
      <system-err><![CDATA[
no such window: no such window: target window already closed
from unknown error: web view not found
  (Session info: chrome=113.0.5672.126)
    at process.processTicksAndRejections (node:internal/process/task_queues:95:5)
    at async Context.<anonymous> (file:///Users/hoangtoannguyen/HCMUTE/CCPTPM/Documents/video-editing/client/src/test/TestSearchMatch.js:52:5)
]]></system-err>
    </testcase>
  </testsuite>
</testsuites>