<<<<<<< HEAD
=======
<?xml version="1.0" encoding="UTF-8"?>
<testsuites>
  <testsuite name="Add Video" timestamp="2023-05-20T02:27:13" time="15.565" tests="5" failures="5" errors="5" skipped="0">
    <properties>
      <property name="specId" value="0"/>
      <property name="suiteName" value="Add Video"/>
      <property name="capabilities" value="edge.113_0_1774_42.win32"/>
      <property name="file" value="file:///F:/CNTT/N3/Ky2/Software_tool_and_enviroment/%C4%90A/video-editing/client/src/test/09TestAddVideo.js"/>
    </properties>
    <testcase classname="edge.113_0_1774_42.win32.Add_Video" name="should Add AddVideo successfully" time="3.416">
      <failure/>
      <error message="Your key input contains more than one character: &quot;Enter&quot;, only one is allowed though!"/>
      <system-out><![CDATA[
COMMAND: navigateTo - {"url":"http://ec2-34-226-247-45.compute-1.amazonaws.com/"}
RESULT: undefined
COMMAND: findElement - {"using":"css selector","value":"#login-username"}
RESULT: undefined
COMMAND: elementClear - {"elementId":"ELEMENT-1"}
RESULT: undefined
COMMAND: elementSendKeys - {"elementId":"ELEMENT-1","text":"QuangHuy01"}
RESULT: undefined
COMMAND: findElement - {"using":"css selector","value":"#login-password"}
RESULT: undefined
COMMAND: elementClear - {"elementId":"ELEMENT-2"}
RESULT: undefined
COMMAND: elementSendKeys - {"elementId":"ELEMENT-2","text":"Huyvff@111"}
RESULT: undefined
]]></system-out>
      <system-err><![CDATA[
Error: Your key input contains more than one character: "Enter", only one is allowed though!
    at Array.forEach (<anonymous>)
    at processTicksAndRejections (node:internal/process/task_queues:96:5)
    at async Context.<anonymous> (file:///F:/CNTT/N3/Ky2/Software_tool_and_enviroment/%C4%90A/video-editing/client/src/test/09TestAddVideo.js:10:5)
]]></system-err>
    </testcase>
    <testcase classname="edge.113_0_1774_42.win32.Add_Video" name="should Add AddVideo successfully SameName" time="2.554">
      <failure/>
      <error message="Element could not be found"/>
      <system-out><![CDATA[
COMMAND: takeScreenshot - {}
COMMAND: refresh - {}
RESULT: undefined
RESULT: undefined
COMMAND: findElements - {"using":"css selector","value":"button[type=button]"}
RESULT: undefined
]]></system-out>
      <system-err><![CDATA[
Error: Element could not be found
    at processTicksAndRejections (node:internal/process/task_queues:96:5)
]]></system-err>
    </testcase>
    <testcase classname="edge.113_0_1774_42.win32.Add_Video" name="should Add AddVideo Fail Add Title" time="4.73">
      <failure/>
      <error message="Element could not be found"/>
      <system-out><![CDATA[
COMMAND: takeScreenshot - {}
COMMAND: refresh - {}
RESULT: undefined
RESULT: undefined
COMMAND: findElements - {"using":"css selector","value":"button[type=button]"}
RESULT: undefined
]]></system-out>
      <system-err><![CDATA[
Error: Element could not be found
    at processTicksAndRejections (node:internal/process/task_queues:96:5)
]]></system-err>
    </testcase>
    <testcase classname="edge.113_0_1774_42.win32.Add_Video" name="should Add AddVideo Success not add logo" time="2.41">
      <failure/>
      <error message="Element could not be found"/>
      <system-out><![CDATA[
COMMAND: takeScreenshot - {}
COMMAND: refresh - {}
RESULT: undefined
RESULT: undefined
COMMAND: findElements - {"using":"css selector","value":"button[type=button]"}
RESULT: undefined
]]></system-out>
      <system-err><![CDATA[
Error: Element could not be found
    at processTicksAndRejections (node:internal/process/task_queues:96:5)
]]></system-err>
    </testcase>
    <testcase classname="edge.113_0_1774_42.win32.Add_Video" name="should Add AddVideo Success no add logo" time="2.436">
      <failure/>
      <error message="Element could not be found"/>
      <system-out><![CDATA[
COMMAND: takeScreenshot - {}
COMMAND: refresh - {}
RESULT: undefined
RESULT: undefined
COMMAND: findElements - {"using":"css selector","value":"button[type=button]"}
RESULT: undefined
COMMAND: takeScreenshot - {}
COMMAND: deleteSession - {}
RESULT: undefined
]]></system-out>
      <system-err><![CDATA[
Error: Element could not be found
    at processTicksAndRejections (node:internal/process/task_queues:96:5)
]]></system-err>
    </testcase>
  </testsuite>
</testsuites>
>>>>>>> 9120012c93090c4f1891bcb49dcc16a3f87388a8
