<?xml version="1.0" encoding="UTF-8"?>
<testsuites>
  <testsuite name="Sign in Test Suite" timestamp="2023-05-05T21:47:57" time="44.724" tests="4" failures="0" errors="0" skipped="0">
    <properties>
      <property name="specId" value="0"/>
      <property name="suiteName" value="Sign in Test Suite"/>
      <property name="capabilities" value="chrome.113_0_5672_63.windows"/>
      <property name="file" value="file:///E:/HCMUTE/video-editing/client/src/test/TestLogin.js"/>
    </properties>
    <testcase classname="chrome.113_0_5672_63.windows.Sign_in_Test_Suite" name="Login with wrong username" time="23.953">
      <system-out><![CDATA[
COMMAND: POST /session/1384b57f41837ce72d8719f34b95fc49/window/maximize - {}
COMMAND: POST /session/1384b57f41837ce72d8719f34b95fc49/url - {"url":"http://localhost:3000/"}
RESULT: {}
RESULT: {"url":"http://localhost:3000/"}
COMMAND: POST /session/1384b57f41837ce72d8719f34b95fc49/element - {"using":"css selector","value":"#login-username"}
RESULT: {"using":"css selector","value":"#login-username"}
COMMAND: POST /session/1384b57f41837ce72d8719f34b95fc49/element/0e0763d5-5abf-4672-8b26-62de166aa190/clear - {}
RESULT: {}
COMMAND: POST /session/1384b57f41837ce72d8719f34b95fc49/element/0e0763d5-5abf-4672-8b26-62de166aa190/value - {"text":"congthanh28"}
RESULT: {"text":"congthanh28"}
COMMAND: POST /session/1384b57f41837ce72d8719f34b95fc49/element - {"using":"css selector","value":"#login-password"}
RESULT: {"using":"css selector","value":"#login-password"}
COMMAND: POST /session/1384b57f41837ce72d8719f34b95fc49/element/95a27604-ba53-439e-bf47-53b99b41aab4/clear - {}
RESULT: {}
COMMAND: POST /session/1384b57f41837ce72d8719f34b95fc49/element/95a27604-ba53-439e-bf47-53b99b41aab4/value - {"text":"28072002Thanh@"}
RESULT: {"text":"28072002Thanh@"}
COMMAND: POST /session/1384b57f41837ce72d8719f34b95fc49/element - {"using":"css selector","value":".MuiButtonBase-root.MuiIconButton-root.MuiIconButton-sizeMedium.css-78trlr-MuiButtonBase-root-MuiIconButton-root"}
RESULT: {"using":"css selector","value":".MuiButtonBase-root.MuiIconButton-root.MuiIconButton-sizeMedium.css-78trlr-MuiButtonBase-root-MuiIconButton-root"}
COMMAND: POST /session/1384b57f41837ce72d8719f34b95fc49/element/1768e0b9-7f20-434e-8fc9-4485ff9261ed/click - {}
RESULT: {}
COMMAND: POST /session/1384b57f41837ce72d8719f34b95fc49/element - {"using":"css selector","value":"#login-button"}
RESULT: {"using":"css selector","value":"#login-button"}
COMMAND: POST /session/1384b57f41837ce72d8719f34b95fc49/element/cf282d3d-6e0c-49b8-973b-b8e204f8c6ac/click - {}
RESULT: {}
COMMAND: GET /session/1384b57f41837ce72d8719f34b95fc49/screenshot - {}
RESULT: {}
COMMAND: GET /session/1384b57f41837ce72d8719f34b95fc49/title - {}
]]></system-out>
    </testcase>
    <testcase classname="chrome.113_0_5672_63.windows.Sign_in_Test_Suite" name="Login with wrong password" time="7.287">
      <system-out><![CDATA[
COMMAND: POST /session/1384b57f41837ce72d8719f34b95fc49/window/maximize - {}
COMMAND: POST /session/1384b57f41837ce72d8719f34b95fc49/url - {"url":"http://localhost:3000/"}
RESULT: {}
RESULT: {}
COMMAND: GET /session/1384b57f41837ce72d8719f34b95fc49/title - {}
RESULT: {"url":"http://localhost:3000/"}
COMMAND: POST /session/1384b57f41837ce72d8719f34b95fc49/element - {"using":"css selector","value":"#login-username"}
RESULT: {}
RESULT: {"using":"css selector","value":"#login-username"}
COMMAND: POST /session/1384b57f41837ce72d8719f34b95fc49/element/14b223e4-cad9-4208-903f-66d9a7d05543/clear - {}
RESULT: {}
COMMAND: POST /session/1384b57f41837ce72d8719f34b95fc49/element/14b223e4-cad9-4208-903f-66d9a7d05543/value - {"text":"congthanh"}
COMMAND: GET /session/1384b57f41837ce72d8719f34b95fc49/title - {}
RESULT: {"text":"congthanh"}
COMMAND: POST /session/1384b57f41837ce72d8719f34b95fc49/element - {"using":"css selector","value":"#login-password"}
RESULT: {}
RESULT: {"using":"css selector","value":"#login-password"}
COMMAND: POST /session/1384b57f41837ce72d8719f34b95fc49/element/250ec901-2a2c-4d86-9d4d-a1b5e335faf5/clear - {}
RESULT: {}
COMMAND: POST /session/1384b57f41837ce72d8719f34b95fc49/element/250ec901-2a2c-4d86-9d4d-a1b5e335faf5/value - {"text":"28072002Thanh@1"}
COMMAND: GET /session/1384b57f41837ce72d8719f34b95fc49/title - {}
RESULT: {"text":"28072002Thanh@1"}
COMMAND: POST /session/1384b57f41837ce72d8719f34b95fc49/element - {"using":"css selector","value":".MuiButtonBase-root.MuiIconButton-root.MuiIconButton-sizeMedium.css-78trlr-MuiButtonBase-root-MuiIconButton-root"}
RESULT: {}
RESULT: {"using":"css selector","value":".MuiButtonBase-root.MuiIconButton-root.MuiIconButton-sizeMedium.css-78trlr-MuiButtonBase-root-MuiIconButton-root"}
COMMAND: POST /session/1384b57f41837ce72d8719f34b95fc49/element/f5e854f3-16ac-4e55-8f31-cfbcaaa20945/click - {}
RESULT: {}
COMMAND: POST /session/1384b57f41837ce72d8719f34b95fc49/element - {"using":"css selector","value":"#login-button"}
RESULT: {"using":"css selector","value":"#login-button"}
COMMAND: POST /session/1384b57f41837ce72d8719f34b95fc49/element/3dbe45e7-db04-4797-9d5a-d34de312b3f4/click - {}
RESULT: {}
COMMAND: GET /session/1384b57f41837ce72d8719f34b95fc49/screenshot - {}
COMMAND: GET /session/1384b57f41837ce72d8719f34b95fc49/title - {}
RESULT: {}
COMMAND: GET /session/1384b57f41837ce72d8719f34b95fc49/title - {}
RESULT: {}
]]></system-out>
    </testcase>
    <testcase classname="chrome.113_0_5672_63.windows.Sign_in_Test_Suite" name="Login to the wrong account" time="4.016">
      <system-out><![CDATA[
COMMAND: POST /session/1384b57f41837ce72d8719f34b95fc49/window/maximize - {}
COMMAND: POST /session/1384b57f41837ce72d8719f34b95fc49/url - {"url":"http://localhost:3000/"}
RESULT: {}
RESULT: {}
COMMAND: GET /session/1384b57f41837ce72d8719f34b95fc49/title - {}
COMMAND: GET /session/1384b57f41837ce72d8719f34b95fc49/title - {}
RESULT: {"url":"http://localhost:3000/"}
COMMAND: POST /session/1384b57f41837ce72d8719f34b95fc49/element - {"using":"css selector","value":"#login-username"}
RESULT: {}
RESULT: {}
RESULT: {"using":"css selector","value":"#login-username"}
COMMAND: POST /session/1384b57f41837ce72d8719f34b95fc49/element/ad8525ce-27af-432e-afc4-e57de378d99a/clear - {}
RESULT: {}
COMMAND: POST /session/1384b57f41837ce72d8719f34b95fc49/element/ad8525ce-27af-432e-afc4-e57de378d99a/value - {"text":"congthanh27"}
COMMAND: GET /session/1384b57f41837ce72d8719f34b95fc49/title - {}
COMMAND: GET /session/1384b57f41837ce72d8719f34b95fc49/title - {}
RESULT: {"text":"congthanh27"}
COMMAND: POST /session/1384b57f41837ce72d8719f34b95fc49/element - {"using":"css selector","value":"#login-password"}
RESULT: {}
RESULT: {}
RESULT: {"using":"css selector","value":"#login-password"}
COMMAND: POST /session/1384b57f41837ce72d8719f34b95fc49/element/253e3844-99fa-4bb7-b932-a6c39a713829/clear - {}
RESULT: {}
COMMAND: POST /session/1384b57f41837ce72d8719f34b95fc49/element/253e3844-99fa-4bb7-b932-a6c39a713829/value - {"text":"28072002Thanh@123"}
COMMAND: GET /session/1384b57f41837ce72d8719f34b95fc49/title - {}
COMMAND: GET /session/1384b57f41837ce72d8719f34b95fc49/title - {}
RESULT: {"text":"28072002Thanh@123"}
COMMAND: POST /session/1384b57f41837ce72d8719f34b95fc49/element - {"using":"css selector","value":".MuiButtonBase-root.MuiIconButton-root.MuiIconButton-sizeMedium.css-78trlr-MuiButtonBase-root-MuiIconButton-root"}
RESULT: {}
RESULT: {}
RESULT: {"using":"css selector","value":".MuiButtonBase-root.MuiIconButton-root.MuiIconButton-sizeMedium.css-78trlr-MuiButtonBase-root-MuiIconButton-root"}
COMMAND: POST /session/1384b57f41837ce72d8719f34b95fc49/element/45946cde-0096-4e16-876b-98565bf1212e/click - {}
RESULT: {}
COMMAND: POST /session/1384b57f41837ce72d8719f34b95fc49/element - {"using":"css selector","value":"#login-button"}
RESULT: {"using":"css selector","value":"#login-button"}
COMMAND: POST /session/1384b57f41837ce72d8719f34b95fc49/element/4755b62d-7437-4d2f-9891-eef27d3b493e/click - {}
RESULT: {}
COMMAND: GET /session/1384b57f41837ce72d8719f34b95fc49/screenshot - {}
COMMAND: GET /session/1384b57f41837ce72d8719f34b95fc49/title - {}
RESULT: {}
COMMAND: GET /session/1384b57f41837ce72d8719f34b95fc49/title - {}
RESULT: {}
]]></system-out>
    </testcase>
    <testcase classname="chrome.113_0_5672_63.windows.Sign_in_Test_Suite" name="Logged in successfully" time="9.445">
      <system-out><![CDATA[
COMMAND: POST /session/1384b57f41837ce72d8719f34b95fc49/window/maximize - {}
COMMAND: POST /session/1384b57f41837ce72d8719f34b95fc49/url - {"url":"http://localhost:3000/"}
RESULT: {}
RESULT: {}
COMMAND: GET /session/1384b57f41837ce72d8719f34b95fc49/title - {}
COMMAND: GET /session/1384b57f41837ce72d8719f34b95fc49/title - {}
RESULT: {"url":"http://localhost:3000/"}
COMMAND: POST /session/1384b57f41837ce72d8719f34b95fc49/element - {"using":"css selector","value":"#login-username"}
RESULT: {}
RESULT: {}
RESULT: {"using":"css selector","value":"#login-username"}
COMMAND: POST /session/1384b57f41837ce72d8719f34b95fc49/element/4876b9b0-8b25-4c7b-9eeb-6d8cacce1712/clear - {}
RESULT: {}
COMMAND: POST /session/1384b57f41837ce72d8719f34b95fc49/element/4876b9b0-8b25-4c7b-9eeb-6d8cacce1712/value - {"text":"congthanh"}
COMMAND: GET /session/1384b57f41837ce72d8719f34b95fc49/title - {}
RESULT: {"text":"congthanh"}
COMMAND: POST /session/1384b57f41837ce72d8719f34b95fc49/element - {"using":"css selector","value":"#login-password"}
RESULT: {}
RESULT: {"using":"css selector","value":"#login-password"}
COMMAND: POST /session/1384b57f41837ce72d8719f34b95fc49/element/becb4ab2-73ed-4da8-89ac-556ff1e275d6/clear - {}
RESULT: {}
COMMAND: POST /session/1384b57f41837ce72d8719f34b95fc49/element/becb4ab2-73ed-4da8-89ac-556ff1e275d6/value - {"text":"28072002Thanh@"}
COMMAND: GET /session/1384b57f41837ce72d8719f34b95fc49/title - {}
RESULT: {"text":"28072002Thanh@"}
COMMAND: POST /session/1384b57f41837ce72d8719f34b95fc49/element - {"using":"css selector","value":".MuiButtonBase-root.MuiIconButton-root.MuiIconButton-sizeMedium.css-78trlr-MuiButtonBase-root-MuiIconButton-root"}
RESULT: {}
RESULT: {"using":"css selector","value":".MuiButtonBase-root.MuiIconButton-root.MuiIconButton-sizeMedium.css-78trlr-MuiButtonBase-root-MuiIconButton-root"}
COMMAND: POST /session/1384b57f41837ce72d8719f34b95fc49/element/67922f1c-7249-4fe4-84c4-f1019e2317f6/click - {}
RESULT: {}
COMMAND: POST /session/1384b57f41837ce72d8719f34b95fc49/element - {"using":"css selector","value":"#login-button"}
RESULT: {"using":"css selector","value":"#login-button"}
COMMAND: POST /session/1384b57f41837ce72d8719f34b95fc49/element/31fc996c-e38b-4032-9cac-af3c6b68a807/click - {}
COMMAND: GET /session/1384b57f41837ce72d8719f34b95fc49/title - {}
RESULT: {}
COMMAND: GET /session/1384b57f41837ce72d8719f34b95fc49/screenshot - {}
RESULT: {}
COMMAND: GET /session/1384b57f41837ce72d8719f34b95fc49/title - {}
RESULT: {}
COMMAND: GET /session/1384b57f41837ce72d8719f34b95fc49/title - {}
COMMAND: DELETE /session/1384b57f41837ce72d8719f34b95fc49 - {}
RESULT: {}
RESULT: {}
COMMAND: GET /session/1384b57f41837ce72d8719f34b95fc49/title - {}
COMMAND: GET /session/1384b57f41837ce72d8719f34b95fc49/title - {}
RESULT: {}
]]></system-out>
    </testcase>
  </testsuite>
</testsuites>