<?xml version="1.0" encoding="UTF-8"?>
<testsuites>
  <testsuite name="DeleteVideo Test Suite" timestamp="2023-05-05T21:48:59" time="47.306" tests="3" failures="2" errors="2" skipped="0">
    <properties>
      <property name="specId" value="0"/>
      <property name="suiteName" value="DeleteVideo Test Suite"/>
      <property name="capabilities" value="chrome.113_0_5672_63.windows"/>
      <property name="file" value="file:///E:/HCMUTE/video-editing/client/src/test/testDeleteVideo.js"/>
    </properties>
    <testcase classname="chrome.113_0_5672_63.windows.DeleteVideo_Test_Suite" name="Logged in successfully" time="21.672">
      <system-out><![CDATA[
COMMAND: POST /session/75a34ae194faf77df55e52cebff98f39/window/maximize - {}
COMMAND: POST /session/75a34ae194faf77df55e52cebff98f39/url - {"url":"http://localhost:3000/"}
RESULT: {}
RESULT: {"url":"http://localhost:3000/"}
COMMAND: POST /session/75a34ae194faf77df55e52cebff98f39/element - {"using":"css selector","value":"#login-username"}
RESULT: {"using":"css selector","value":"#login-username"}
COMMAND: POST /session/75a34ae194faf77df55e52cebff98f39/element/7730ca55-90d8-403b-9cff-97266906e15e/clear - {}
RESULT: {}
COMMAND: POST /session/75a34ae194faf77df55e52cebff98f39/element/7730ca55-90d8-403b-9cff-97266906e15e/value - {"text":"congthanh"}
RESULT: {"text":"congthanh"}
COMMAND: POST /session/75a34ae194faf77df55e52cebff98f39/element - {"using":"css selector","value":"#login-password"}
RESULT: {"using":"css selector","value":"#login-password"}
COMMAND: POST /session/75a34ae194faf77df55e52cebff98f39/element/1e2013ba-697d-4fff-bf8c-3f86b641feed/clear - {}
RESULT: {}
COMMAND: POST /session/75a34ae194faf77df55e52cebff98f39/element/1e2013ba-697d-4fff-bf8c-3f86b641feed/value - {"text":"28072002Thanh@"}
RESULT: {"text":"28072002Thanh@"}
COMMAND: POST /session/75a34ae194faf77df55e52cebff98f39/element - {"using":"css selector","value":".MuiButtonBase-root.MuiIconButton-root.MuiIconButton-sizeMedium.css-78trlr-MuiButtonBase-root-MuiIconButton-root"}
RESULT: {"using":"css selector","value":".MuiButtonBase-root.MuiIconButton-root.MuiIconButton-sizeMedium.css-78trlr-MuiButtonBase-root-MuiIconButton-root"}
COMMAND: POST /session/75a34ae194faf77df55e52cebff98f39/element/0e263b75-cc65-4865-8eb7-47e230179b60/click - {}
RESULT: {}
COMMAND: POST /session/75a34ae194faf77df55e52cebff98f39/element - {"using":"css selector","value":"#login-button"}
RESULT: {"using":"css selector","value":"#login-button"}
COMMAND: POST /session/75a34ae194faf77df55e52cebff98f39/element/e5bad211-f82a-4fc8-b641-c287ce4ac29b/click - {}
RESULT: {}
COMMAND: GET /session/75a34ae194faf77df55e52cebff98f39/screenshot - {}
RESULT: {}
COMMAND: GET /session/75a34ae194faf77df55e52cebff98f39/title - {}
]]></system-out>
    </testcase>
    <testcase classname="chrome.113_0_5672_63.windows.DeleteVideo_Test_Suite" name="DeleteVideo1" time="14.63">
      <failure/>
      <error message="Can't call click on element with selector &quot;.ant-btn.ant-btn-circle.ant-btn-default.ant-btn-icon-only.ant-btn-dangerous&quot; because element wasn't found"/>
      <system-out><![CDATA[
COMMAND: POST /session/75a34ae194faf77df55e52cebff98f39/window/maximize - {}
COMMAND: POST /session/75a34ae194faf77df55e52cebff98f39/url - {"url":"http://localhost:3000/gallery"}
RESULT: {}
RESULT: {}
COMMAND: GET /session/75a34ae194faf77df55e52cebff98f39/title - {}
RESULT: {"url":"http://localhost:3000/gallery"}
RESULT: {}
COMMAND: GET /session/75a34ae194faf77df55e52cebff98f39/title - {}
RESULT: {}
COMMAND: POST /session/75a34ae194faf77df55e52cebff98f39/element - {"using":"css selector","value":".ant-btn.ant-btn-circle.ant-btn-default.ant-btn-icon-only.ant-btn-dangerous"}
RESULT: {"using":"css selector","value":".ant-btn.ant-btn-circle.ant-btn-default.ant-btn-icon-only.ant-btn-dangerous"}
COMMAND: POST /session/75a34ae194faf77df55e52cebff98f39/elements - {"using":"css selector","value":".ant-btn.ant-btn-circle.ant-btn-default.ant-btn-icon-only.ant-btn-dangerous"}
RESULT: {"using":"css selector","value":".ant-btn.ant-btn-circle.ant-btn-default.ant-btn-icon-only.ant-btn-dangerous"}
COMMAND: GET /session/75a34ae194faf77df55e52cebff98f39/title - {}
RESULT: {}
COMMAND: POST /session/75a34ae194faf77df55e52cebff98f39/elements - {"using":"css selector","value":".ant-btn.ant-btn-circle.ant-btn-default.ant-btn-icon-only.ant-btn-dangerous"}
RESULT: {"using":"css selector","value":".ant-btn.ant-btn-circle.ant-btn-default.ant-btn-icon-only.ant-btn-dangerous"}
COMMAND: GET /session/75a34ae194faf77df55e52cebff98f39/title - {}
RESULT: {}
COMMAND: POST /session/75a34ae194faf77df55e52cebff98f39/elements - {"using":"css selector","value":".ant-btn.ant-btn-circle.ant-btn-default.ant-btn-icon-only.ant-btn-dangerous"}
COMMAND: GET /session/75a34ae194faf77df55e52cebff98f39/title - {}
RESULT: {"using":"css selector","value":".ant-btn.ant-btn-circle.ant-btn-default.ant-btn-icon-only.ant-btn-dangerous"}
RESULT: {}
COMMAND: POST /session/75a34ae194faf77df55e52cebff98f39/elements - {"using":"css selector","value":".ant-btn.ant-btn-circle.ant-btn-default.ant-btn-icon-only.ant-btn-dangerous"}
RESULT: {"using":"css selector","value":".ant-btn.ant-btn-circle.ant-btn-default.ant-btn-icon-only.ant-btn-dangerous"}
COMMAND: GET /session/75a34ae194faf77df55e52cebff98f39/title - {}
RESULT: {}
COMMAND: POST /session/75a34ae194faf77df55e52cebff98f39/elements - {"using":"css selector","value":".ant-btn.ant-btn-circle.ant-btn-default.ant-btn-icon-only.ant-btn-dangerous"}
RESULT: {"using":"css selector","value":".ant-btn.ant-btn-circle.ant-btn-default.ant-btn-icon-only.ant-btn-dangerous"}
COMMAND: GET /session/75a34ae194faf77df55e52cebff98f39/title - {}
RESULT: {}
COMMAND: POST /session/75a34ae194faf77df55e52cebff98f39/elements - {"using":"css selector","value":".ant-btn.ant-btn-circle.ant-btn-default.ant-btn-icon-only.ant-btn-dangerous"}
RESULT: {"using":"css selector","value":".ant-btn.ant-btn-circle.ant-btn-default.ant-btn-icon-only.ant-btn-dangerous"}
COMMAND: GET /session/75a34ae194faf77df55e52cebff98f39/title - {}
RESULT: {}
COMMAND: POST /session/75a34ae194faf77df55e52cebff98f39/elements - {"using":"css selector","value":".ant-btn.ant-btn-circle.ant-btn-default.ant-btn-icon-only.ant-btn-dangerous"}
RESULT: {"using":"css selector","value":".ant-btn.ant-btn-circle.ant-btn-default.ant-btn-icon-only.ant-btn-dangerous"}
COMMAND: GET /session/75a34ae194faf77df55e52cebff98f39/title - {}
RESULT: {}
COMMAND: POST /session/75a34ae194faf77df55e52cebff98f39/elements - {"using":"css selector","value":".ant-btn.ant-btn-circle.ant-btn-default.ant-btn-icon-only.ant-btn-dangerous"}
RESULT: {"using":"css selector","value":".ant-btn.ant-btn-circle.ant-btn-default.ant-btn-icon-only.ant-btn-dangerous"}
COMMAND: GET /session/75a34ae194faf77df55e52cebff98f39/title - {}
COMMAND: POST /session/75a34ae194faf77df55e52cebff98f39/elements - {"using":"css selector","value":".ant-btn.ant-btn-circle.ant-btn-default.ant-btn-icon-only.ant-btn-dangerous"}
RESULT: {}
RESULT: {"using":"css selector","value":".ant-btn.ant-btn-circle.ant-btn-default.ant-btn-icon-only.ant-btn-dangerous"}
COMMAND: POST /session/75a34ae194faf77df55e52cebff98f39/elements - {"using":"css selector","value":".ant-btn.ant-btn-circle.ant-btn-default.ant-btn-icon-only.ant-btn-dangerous"}
COMMAND: GET /session/75a34ae194faf77df55e52cebff98f39/title - {}
RESULT: {"using":"css selector","value":".ant-btn.ant-btn-circle.ant-btn-default.ant-btn-icon-only.ant-btn-dangerous"}
RESULT: {}
COMMAND: POST /session/75a34ae194faf77df55e52cebff98f39/elements - {"using":"css selector","value":".ant-btn.ant-btn-circle.ant-btn-default.ant-btn-icon-only.ant-btn-dangerous"}
RESULT: {"using":"css selector","value":".ant-btn.ant-btn-circle.ant-btn-default.ant-btn-icon-only.ant-btn-dangerous"}
COMMAND: GET /session/75a34ae194faf77df55e52cebff98f39/title - {}
RESULT: {}
COMMAND: POST /session/75a34ae194faf77df55e52cebff98f39/elements - {"using":"css selector","value":".ant-btn.ant-btn-circle.ant-btn-default.ant-btn-icon-only.ant-btn-dangerous"}
RESULT: {"using":"css selector","value":".ant-btn.ant-btn-circle.ant-btn-default.ant-btn-icon-only.ant-btn-dangerous"}
COMMAND: POST /session/75a34ae194faf77df55e52cebff98f39/elements - {"using":"css selector","value":".ant-btn.ant-btn-circle.ant-btn-default.ant-btn-icon-only.ant-btn-dangerous"}
RESULT: {"using":"css selector","value":".ant-btn.ant-btn-circle.ant-btn-default.ant-btn-icon-only.ant-btn-dangerous"}
COMMAND: POST /session/75a34ae194faf77df55e52cebff98f39/elements - {"using":"css selector","value":".ant-btn.ant-btn-circle.ant-btn-default.ant-btn-icon-only.ant-btn-dangerous"}
RESULT: {"using":"css selector","value":".ant-btn.ant-btn-circle.ant-btn-default.ant-btn-icon-only.ant-btn-dangerous"}
COMMAND: POST /session/75a34ae194faf77df55e52cebff98f39/elements - {"using":"css selector","value":".ant-btn.ant-btn-circle.ant-btn-default.ant-btn-icon-only.ant-btn-dangerous"}
RESULT: {"using":"css selector","value":".ant-btn.ant-btn-circle.ant-btn-default.ant-btn-icon-only.ant-btn-dangerous"}
COMMAND: POST /session/75a34ae194faf77df55e52cebff98f39/elements - {"using":"css selector","value":".ant-btn.ant-btn-circle.ant-btn-default.ant-btn-icon-only.ant-btn-dangerous"}
RESULT: {"using":"css selector","value":".ant-btn.ant-btn-circle.ant-btn-default.ant-btn-icon-only.ant-btn-dangerous"}
COMMAND: POST /session/75a34ae194faf77df55e52cebff98f39/elements - {"using":"css selector","value":".ant-btn.ant-btn-circle.ant-btn-default.ant-btn-icon-only.ant-btn-dangerous"}
RESULT: {"using":"css selector","value":".ant-btn.ant-btn-circle.ant-btn-default.ant-btn-icon-only.ant-btn-dangerous"}
COMMAND: POST /session/75a34ae194faf77df55e52cebff98f39/elements - {"using":"css selector","value":".ant-btn.ant-btn-circle.ant-btn-default.ant-btn-icon-only.ant-btn-dangerous"}
RESULT: {"using":"css selector","value":".ant-btn.ant-btn-circle.ant-btn-default.ant-btn-icon-only.ant-btn-dangerous"}
COMMAND: POST /session/75a34ae194faf77df55e52cebff98f39/elements - {"using":"css selector","value":".ant-btn.ant-btn-circle.ant-btn-default.ant-btn-icon-only.ant-btn-dangerous"}
RESULT: {"using":"css selector","value":".ant-btn.ant-btn-circle.ant-btn-default.ant-btn-icon-only.ant-btn-dangerous"}
COMMAND: POST /session/75a34ae194faf77df55e52cebff98f39/elements - {"using":"css selector","value":".ant-btn.ant-btn-circle.ant-btn-default.ant-btn-icon-only.ant-btn-dangerous"}
RESULT: {"using":"css selector","value":".ant-btn.ant-btn-circle.ant-btn-default.ant-btn-icon-only.ant-btn-dangerous"}
COMMAND: POST /session/75a34ae194faf77df55e52cebff98f39/elements - {"using":"css selector","value":".ant-btn.ant-btn-circle.ant-btn-default.ant-btn-icon-only.ant-btn-dangerous"}
COMMAND: GET /session/75a34ae194faf77df55e52cebff98f39/screenshot - {}
]]></system-out>
      <system-err><![CDATA[
Error: Can't call click on element with selector ".ant-btn.ant-btn-circle.ant-btn-default.ant-btn-icon-only.ant-btn-dangerous" because element wasn't found
    at async Context.<anonymous> (file:///E:/HCMUTE/video-editing/client/src/test/testDeleteVideo.js:19:9)
]]></system-err>
    </testcase>
    <testcase classname="chrome.113_0_5672_63.windows.DeleteVideo_Test_Suite" name="DeleteVideo2" time="10.984">
      <failure/>
      <error message="Can't call click on element with selector &quot;.ant-btn.ant-btn-circle.ant-btn-default.ant-btn-icon-only.ant-btn-dangerous&quot; because element wasn't found"/>
      <system-out><![CDATA[
COMMAND: POST /session/75a34ae194faf77df55e52cebff98f39/window/maximize - {}
COMMAND: POST /session/75a34ae194faf77df55e52cebff98f39/element - {"using":"css selector","value":".ant-btn.ant-btn-circle.ant-btn-default.ant-btn-icon-only.ant-btn-dangerous"}
RESULT: {"using":"css selector","value":".ant-btn.ant-btn-circle.ant-btn-default.ant-btn-icon-only.ant-btn-dangerous"}
RESULT: {}
RESULT: {}
RESULT: {"using":"css selector","value":".ant-btn.ant-btn-circle.ant-btn-default.ant-btn-icon-only.ant-btn-dangerous"}
COMMAND: POST /session/75a34ae194faf77df55e52cebff98f39/elements - {"using":"css selector","value":".ant-btn.ant-btn-circle.ant-btn-default.ant-btn-icon-only.ant-btn-dangerous"}
RESULT: {"using":"css selector","value":".ant-btn.ant-btn-circle.ant-btn-default.ant-btn-icon-only.ant-btn-dangerous"}
COMMAND: POST /session/75a34ae194faf77df55e52cebff98f39/elements - {"using":"css selector","value":".ant-btn.ant-btn-circle.ant-btn-default.ant-btn-icon-only.ant-btn-dangerous"}
RESULT: {"using":"css selector","value":".ant-btn.ant-btn-circle.ant-btn-default.ant-btn-icon-only.ant-btn-dangerous"}
COMMAND: POST /session/75a34ae194faf77df55e52cebff98f39/elements - {"using":"css selector","value":".ant-btn.ant-btn-circle.ant-btn-default.ant-btn-icon-only.ant-btn-dangerous"}
RESULT: {"using":"css selector","value":".ant-btn.ant-btn-circle.ant-btn-default.ant-btn-icon-only.ant-btn-dangerous"}
COMMAND: POST /session/75a34ae194faf77df55e52cebff98f39/elements - {"using":"css selector","value":".ant-btn.ant-btn-circle.ant-btn-default.ant-btn-icon-only.ant-btn-dangerous"}
RESULT: {"using":"css selector","value":".ant-btn.ant-btn-circle.ant-btn-default.ant-btn-icon-only.ant-btn-dangerous"}
COMMAND: POST /session/75a34ae194faf77df55e52cebff98f39/elements - {"using":"css selector","value":".ant-btn.ant-btn-circle.ant-btn-default.ant-btn-icon-only.ant-btn-dangerous"}
RESULT: {"using":"css selector","value":".ant-btn.ant-btn-circle.ant-btn-default.ant-btn-icon-only.ant-btn-dangerous"}
COMMAND: POST /session/75a34ae194faf77df55e52cebff98f39/elements - {"using":"css selector","value":".ant-btn.ant-btn-circle.ant-btn-default.ant-btn-icon-only.ant-btn-dangerous"}
RESULT: {"using":"css selector","value":".ant-btn.ant-btn-circle.ant-btn-default.ant-btn-icon-only.ant-btn-dangerous"}
COMMAND: POST /session/75a34ae194faf77df55e52cebff98f39/elements - {"using":"css selector","value":".ant-btn.ant-btn-circle.ant-btn-default.ant-btn-icon-only.ant-btn-dangerous"}
RESULT: {"using":"css selector","value":".ant-btn.ant-btn-circle.ant-btn-default.ant-btn-icon-only.ant-btn-dangerous"}
COMMAND: POST /session/75a34ae194faf77df55e52cebff98f39/elements - {"using":"css selector","value":".ant-btn.ant-btn-circle.ant-btn-default.ant-btn-icon-only.ant-btn-dangerous"}
RESULT: {"using":"css selector","value":".ant-btn.ant-btn-circle.ant-btn-default.ant-btn-icon-only.ant-btn-dangerous"}
COMMAND: POST /session/75a34ae194faf77df55e52cebff98f39/elements - {"using":"css selector","value":".ant-btn.ant-btn-circle.ant-btn-default.ant-btn-icon-only.ant-btn-dangerous"}
RESULT: {"using":"css selector","value":".ant-btn.ant-btn-circle.ant-btn-default.ant-btn-icon-only.ant-btn-dangerous"}
COMMAND: POST /session/75a34ae194faf77df55e52cebff98f39/elements - {"using":"css selector","value":".ant-btn.ant-btn-circle.ant-btn-default.ant-btn-icon-only.ant-btn-dangerous"}
RESULT: {"using":"css selector","value":".ant-btn.ant-btn-circle.ant-btn-default.ant-btn-icon-only.ant-btn-dangerous"}
COMMAND: POST /session/75a34ae194faf77df55e52cebff98f39/elements - {"using":"css selector","value":".ant-btn.ant-btn-circle.ant-btn-default.ant-btn-icon-only.ant-btn-dangerous"}
RESULT: {"using":"css selector","value":".ant-btn.ant-btn-circle.ant-btn-default.ant-btn-icon-only.ant-btn-dangerous"}
COMMAND: POST /session/75a34ae194faf77df55e52cebff98f39/elements - {"using":"css selector","value":".ant-btn.ant-btn-circle.ant-btn-default.ant-btn-icon-only.ant-btn-dangerous"}
RESULT: {"using":"css selector","value":".ant-btn.ant-btn-circle.ant-btn-default.ant-btn-icon-only.ant-btn-dangerous"}
COMMAND: POST /session/75a34ae194faf77df55e52cebff98f39/elements - {"using":"css selector","value":".ant-btn.ant-btn-circle.ant-btn-default.ant-btn-icon-only.ant-btn-dangerous"}
RESULT: {"using":"css selector","value":".ant-btn.ant-btn-circle.ant-btn-default.ant-btn-icon-only.ant-btn-dangerous"}
COMMAND: POST /session/75a34ae194faf77df55e52cebff98f39/elements - {"using":"css selector","value":".ant-btn.ant-btn-circle.ant-btn-default.ant-btn-icon-only.ant-btn-dangerous"}
RESULT: {"using":"css selector","value":".ant-btn.ant-btn-circle.ant-btn-default.ant-btn-icon-only.ant-btn-dangerous"}
COMMAND: POST /session/75a34ae194faf77df55e52cebff98f39/elements - {"using":"css selector","value":".ant-btn.ant-btn-circle.ant-btn-default.ant-btn-icon-only.ant-btn-dangerous"}
RESULT: {"using":"css selector","value":".ant-btn.ant-btn-circle.ant-btn-default.ant-btn-icon-only.ant-btn-dangerous"}
COMMAND: POST /session/75a34ae194faf77df55e52cebff98f39/elements - {"using":"css selector","value":".ant-btn.ant-btn-circle.ant-btn-default.ant-btn-icon-only.ant-btn-dangerous"}
RESULT: {"using":"css selector","value":".ant-btn.ant-btn-circle.ant-btn-default.ant-btn-icon-only.ant-btn-dangerous"}
COMMAND: POST /session/75a34ae194faf77df55e52cebff98f39/elements - {"using":"css selector","value":".ant-btn.ant-btn-circle.ant-btn-default.ant-btn-icon-only.ant-btn-dangerous"}
RESULT: {"using":"css selector","value":".ant-btn.ant-btn-circle.ant-btn-default.ant-btn-icon-only.ant-btn-dangerous"}
COMMAND: POST /session/75a34ae194faf77df55e52cebff98f39/elements - {"using":"css selector","value":".ant-btn.ant-btn-circle.ant-btn-default.ant-btn-icon-only.ant-btn-dangerous"}
RESULT: {"using":"css selector","value":".ant-btn.ant-btn-circle.ant-btn-default.ant-btn-icon-only.ant-btn-dangerous"}
COMMAND: POST /session/75a34ae194faf77df55e52cebff98f39/elements - {"using":"css selector","value":".ant-btn.ant-btn-circle.ant-btn-default.ant-btn-icon-only.ant-btn-dangerous"}
RESULT: {"using":"css selector","value":".ant-btn.ant-btn-circle.ant-btn-default.ant-btn-icon-only.ant-btn-dangerous"}
COMMAND: POST /session/75a34ae194faf77df55e52cebff98f39/elements - {"using":"css selector","value":".ant-btn.ant-btn-circle.ant-btn-default.ant-btn-icon-only.ant-btn-dangerous"}
RESULT: {"using":"css selector","value":".ant-btn.ant-btn-circle.ant-btn-default.ant-btn-icon-only.ant-btn-dangerous"}
COMMAND: GET /session/75a34ae194faf77df55e52cebff98f39/screenshot - {}
COMMAND: DELETE /session/75a34ae194faf77df55e52cebff98f39 - {}
RESULT: {}
RESULT: {}
]]></system-out>
      <system-err><![CDATA[
Error: Can't call click on element with selector ".ant-btn.ant-btn-circle.ant-btn-default.ant-btn-icon-only.ant-btn-dangerous" because element wasn't found
    at async Context.<anonymous> (file:///E:/HCMUTE/video-editing/client/src/test/testDeleteVideo.js:28:9)
]]></system-err>
    </testcase>
  </testsuite>
</testsuites>