<?xml version="1.0" encoding="UTF-8"?>
<testsuites>
  <testsuite name="Sign in Test Suite" timestamp="2023-05-18T00:19:39" time="49.333" tests="4" failures="0" errors="0" skipped="0">
    <properties>
      <property name="specId" value="0"/>
      <property name="suiteName" value="Sign in Test Suite"/>
      <property name="capabilities" value="chrome.113_0_0_0.win32"/>
      <property name="file" value="file:///E:/video-editing/client/src/test/TestLogin.js"/>
    </properties>
    <testcase classname="chrome.113_0_0_0.win32.Sign_in_Test_Suite" name="Login with wrong username" time="24.389">
      <system-out><![CDATA[
COMMAND: navigateTo - {"url":"http://ec2-50-19-42-157.compute-1.amazonaws.com/"}
RESULT: undefined
COMMAND: findElement - {"using":"css selector","value":"#login-username"}
RESULT: undefined
COMMAND: elementClear - {"elementId":"ELEMENT-1"}
RESULT: undefined
COMMAND: elementSendKeys - {"elementId":"ELEMENT-1","text":"congthanh28"}
RESULT: undefined
COMMAND: findElement - {"using":"css selector","value":"#login-password"}
RESULT: undefined
COMMAND: elementClear - {"elementId":"ELEMENT-2"}
RESULT: undefined
COMMAND: elementSendKeys - {"elementId":"ELEMENT-2","text":"28072002Thanh@"}
RESULT: undefined
COMMAND: findElement - {"using":"css selector","value":"#login-button"}
RESULT: undefined
COMMAND: elementClick - {"elementId":"ELEMENT-3"}
RESULT: undefined
COMMAND: takeScreenshot - {}
RESULT: undefined
]]></system-out>
    </testcase>
    <testcase classname="chrome.113_0_0_0.win32.Sign_in_Test_Suite" name="Login with wrong password" time="14.956">
      <system-out><![CDATA[
COMMAND: getTitle - {}
COMMAND: navigateTo - {"url":"http://ec2-50-19-42-157.compute-1.amazonaws.com/"}
RESULT: undefined
RESULT: undefined
COMMAND: getTitle - {}
RESULT: undefined
COMMAND: findElement - {"using":"css selector","value":"#login-username"}
COMMAND: getTitle - {}
RESULT: undefined
RESULT: undefined
COMMAND: elementClear - {"elementId":"ELEMENT-4"}
RESULT: undefined
COMMAND: getTitle - {}
COMMAND: elementSendKeys - {"elementId":"ELEMENT-4","text":"congthanh"}
RESULT: undefined
COMMAND: getTitle - {}
RESULT: undefined
COMMAND: getTitle - {}
RESULT: undefined
COMMAND: getTitle - {}
RESULT: undefined
RESULT: undefined
COMMAND: findElement - {"using":"css selector","value":"#login-password"}
RESULT: undefined
COMMAND: getTitle - {}
RESULT: undefined
COMMAND: elementClear - {"elementId":"ELEMENT-5"}
RESULT: undefined
COMMAND: elementSendKeys - {"elementId":"ELEMENT-5","text":"28072002Thanh@1"}
COMMAND: getTitle - {}
RESULT: undefined
COMMAND: getTitle - {}
RESULT: undefined
RESULT: undefined
COMMAND: findElement - {"using":"css selector","value":"#login-button"}
RESULT: undefined
COMMAND: elementClick - {"elementId":"ELEMENT-6"}
RESULT: undefined
COMMAND: takeScreenshot - {}
RESULT: undefined
]]></system-out>
    </testcase>
    <testcase classname="chrome.113_0_0_0.win32.Sign_in_Test_Suite" name="Login to the wrong account" time="6.814">
      <system-out><![CDATA[
COMMAND: getTitle - {}
RESULT: undefined
COMMAND: navigateTo - {"url":"http://ec2-50-19-42-157.compute-1.amazonaws.com/"}
RESULT: undefined
COMMAND: getTitle - {}
COMMAND: findElement - {"using":"css selector","value":"#login-username"}
RESULT: undefined
RESULT: undefined
COMMAND: elementClear - {"elementId":"ELEMENT-7"}
COMMAND: getTitle - {}
RESULT: undefined
RESULT: undefined
COMMAND: elementSendKeys - {"elementId":"ELEMENT-7","text":"congthanh27"}
COMMAND: getTitle - {}
RESULT: undefined
RESULT: undefined
COMMAND: findElement - {"using":"css selector","value":"#login-password"}
RESULT: undefined
COMMAND: elementClear - {"elementId":"ELEMENT-8"}
RESULT: undefined
COMMAND: elementSendKeys - {"elementId":"ELEMENT-8","text":"28072002Thanh@123"}
COMMAND: getTitle - {}
RESULT: undefined
COMMAND: getTitle - {}
RESULT: undefined
COMMAND: getTitle - {}
RESULT: undefined
RESULT: undefined
COMMAND: getTitle - {}
COMMAND: findElement - {"using":"css selector","value":"#login-button"}
RESULT: undefined
RESULT: undefined
COMMAND: elementClick - {"elementId":"ELEMENT-9"}
RESULT: undefined
COMMAND: takeScreenshot - {}
RESULT: undefined
]]></system-out>
    </testcase>
    <testcase classname="chrome.113_0_0_0.win32.Sign_in_Test_Suite" name="Logged in successfully" time="3.062">
      <system-out><![CDATA[
COMMAND: getTitle - {}
COMMAND: getTitle - {}
COMMAND: navigateTo - {"url":"http://ec2-50-19-42-157.compute-1.amazonaws.com/"}
RESULT: undefined
RESULT: undefined
RESULT: undefined
COMMAND: getTitle - {}
COMMAND: getTitle - {}
COMMAND: findElement - {"using":"css selector","value":"#login-username"}
RESULT: undefined
RESULT: undefined
RESULT: undefined
COMMAND: elementClear - {"elementId":"ELEMENT-10"}
RESULT: undefined
COMMAND: elementSendKeys - {"elementId":"ELEMENT-10","text":"congthanh"}
RESULT: undefined
COMMAND: getTitle - {}
COMMAND: getTitle - {}
COMMAND: findElement - {"using":"css selector","value":"#login-password"}
RESULT: undefined
RESULT: undefined
RESULT: undefined
COMMAND: elementClear - {"elementId":"ELEMENT-11"}
RESULT: undefined
COMMAND: elementSendKeys - {"elementId":"ELEMENT-11","text":"28072002Thanh@"}
RESULT: undefined
COMMAND: findElement - {"using":"css selector","value":"#login-button"}
RESULT: undefined
COMMAND: elementClick - {"elementId":"ELEMENT-12"}
COMMAND: getTitle - {}
COMMAND: getTitle - {}
RESULT: undefined
RESULT: undefined
RESULT: undefined
COMMAND: takeScreenshot - {}
RESULT: undefined
COMMAND: getTitle - {}
COMMAND: getTitle - {}
RESULT: undefined
RESULT: undefined
COMMAND: deleteSession - {}
RESULT: undefined
]]></system-out>
    </testcase>
  </testsuite>
</testsuites>