<?xml version="1.0" encoding="UTF-8"?>
<testsuites>
  <testsuite name="Sign Up Test Suite" timestamp="2023-05-05T21:48:59" time="83.947" tests="5" failures="0" errors="0" skipped="0">
    <properties>
      <property name="specId" value="0"/>
      <property name="suiteName" value="Sign Up Test Suite"/>
      <property name="capabilities" value="chrome.113_0_5672_63.windows"/>
      <property name="file" value="file:///E:/HCMUTE/video-editing/client/src/test/testSignUp.js"/>
    </properties>
    <testcase classname="chrome.113_0_5672_63.windows.Sign_Up_Test_Suite" name="should sign up successfully" time="34.828">
      <system-out><![CDATA[
COMMAND: POST /session/44c7900bc366562718367adb494f72a2/window/maximize - {}
COMMAND: POST /session/44c7900bc366562718367adb494f72a2/url - {"url":"http://localhost:3000/signUp"}
RESULT: {}
RESULT: {"url":"http://localhost:3000/signUp"}
COMMAND: POST /session/44c7900bc366562718367adb494f72a2/element - {"using":"css selector","value":"#usernameSignUp"}
RESULT: {"using":"css selector","value":"#usernameSignUp"}
COMMAND: POST /session/44c7900bc366562718367adb494f72a2/element - {"using":"css selector","value":"#emailSignUp"}
RESULT: {"using":"css selector","value":"#emailSignUp"}
COMMAND: POST /session/44c7900bc366562718367adb494f72a2/element - {"using":"css selector","value":"#fullNameSignUp"}
RESULT: {"using":"css selector","value":"#fullNameSignUp"}
COMMAND: POST /session/44c7900bc366562718367adb494f72a2/element - {"using":"css selector","value":"#passwordSignUp"}
RESULT: {"using":"css selector","value":"#passwordSignUp"}
COMMAND: POST /session/44c7900bc366562718367adb494f72a2/element - {"using":"css selector","value":"#confirmPasswordSignUp"}
RESULT: {"using":"css selector","value":"#confirmPasswordSignUp"}
COMMAND: POST /session/44c7900bc366562718367adb494f72a2/element/46812f42-862e-44e8-b368-150130b044d9/clear - {}
RESULT: {}
COMMAND: POST /session/44c7900bc366562718367adb494f72a2/element/46812f42-862e-44e8-b368-150130b044d9/value - {"text":"QuangHuy01123"}
RESULT: {"text":"QuangHuy01123"}
COMMAND: POST /session/44c7900bc366562718367adb494f72a2/element/2ddc613b-a197-475c-a96f-e12a2262e115/clear - {}
RESULT: {}
COMMAND: POST /session/44c7900bc366562718367adb494f72a2/element/2ddc613b-a197-475c-a96f-e12a2262e115/value - {"text":"ngoquanghuyw221234@gmail.com"}
RESULT: {"text":"ngoquanghuyw221234@gmail.com"}
COMMAND: POST /session/44c7900bc366562718367adb494f72a2/element/82df50df-e571-469c-9167-ea887f1c4676/clear - {}
RESULT: {}
COMMAND: POST /session/44c7900bc366562718367adb494f72a2/element/82df50df-e571-469c-9167-ea887f1c4676/value - {"text":"Ngô Quang Huy"}
RESULT: {"text":"Ngô Quang Huy"}
COMMAND: POST /session/44c7900bc366562718367adb494f72a2/element/13ef673d-f6f8-4b99-9750-5815a64e71e9/clear - {}
RESULT: {}
COMMAND: POST /session/44c7900bc366562718367adb494f72a2/element/13ef673d-f6f8-4b99-9750-5815a64e71e9/value - {"text":"Huyvff@111"}
RESULT: {"text":"Huyvff@111"}
COMMAND: POST /session/44c7900bc366562718367adb494f72a2/element/cb5b6333-7a50-44d8-b5cf-5420f0f7305c/clear - {}
RESULT: {}
COMMAND: POST /session/44c7900bc366562718367adb494f72a2/element/cb5b6333-7a50-44d8-b5cf-5420f0f7305c/value - {"text":"Huyvff@111"}
RESULT: {"text":"Huyvff@111"}
COMMAND: POST /session/44c7900bc366562718367adb494f72a2/actions - {"actions":[{"id":"action1","type":"key","parameters":{},"actions":[{"type":"keyDown","value":""},{"type":"pause","duration":10},{"type":"keyUp","value":""}]}]}
RESULT: {"actions":[{"id":"action1","type":"key","parameters":{},"actions":[{"type":"keyDown","value":""},{"type":"pause","duration":10},{"type":"keyUp","value":""}]}]}
COMMAND: DELETE /session/44c7900bc366562718367adb494f72a2/actions - {}
RESULT: {}
COMMAND: GET /session/44c7900bc366562718367adb494f72a2/screenshot - {}
RESULT: {}
COMMAND: GET /session/44c7900bc366562718367adb494f72a2/title - {}
]]></system-out>
    </testcase>
    <testcase classname="chrome.113_0_5672_63.windows.Sign_Up_Test_Suite" name="should sign up failUsename" time="13.24">
      <system-out><![CDATA[
COMMAND: POST /session/44c7900bc366562718367adb494f72a2/window/maximize - {}
COMMAND: POST /session/44c7900bc366562718367adb494f72a2/url - {"url":"http://localhost:3000/signUp"}
RESULT: {}
RESULT: {}
COMMAND: GET /session/44c7900bc366562718367adb494f72a2/title - {}
RESULT: {"url":"http://localhost:3000/signUp"}
COMMAND: POST /session/44c7900bc366562718367adb494f72a2/element - {"using":"css selector","value":"#usernameSignUp"}
RESULT: {}
RESULT: {"using":"css selector","value":"#usernameSignUp"}
COMMAND: POST /session/44c7900bc366562718367adb494f72a2/element - {"using":"css selector","value":"#emailSignUp"}
RESULT: {"using":"css selector","value":"#emailSignUp"}
COMMAND: POST /session/44c7900bc366562718367adb494f72a2/element - {"using":"css selector","value":"#fullNameSignUp"}
RESULT: {"using":"css selector","value":"#fullNameSignUp"}
COMMAND: POST /session/44c7900bc366562718367adb494f72a2/element - {"using":"css selector","value":"#passwordSignUp"}
RESULT: {"using":"css selector","value":"#passwordSignUp"}
COMMAND: POST /session/44c7900bc366562718367adb494f72a2/element - {"using":"css selector","value":"#confirmPasswordSignUp"}
RESULT: {"using":"css selector","value":"#confirmPasswordSignUp"}
COMMAND: POST /session/44c7900bc366562718367adb494f72a2/element/f0a48d97-cbf7-42f6-88d2-9e26f14d8f5a/clear - {}
RESULT: {}
COMMAND: POST /session/44c7900bc366562718367adb494f72a2/element/f0a48d97-cbf7-42f6-88d2-9e26f14d8f5a/value - {"text":"QuangHuy01"}
COMMAND: GET /session/44c7900bc366562718367adb494f72a2/title - {}
RESULT: {"text":"QuangHuy01"}
COMMAND: POST /session/44c7900bc366562718367adb494f72a2/element/9377c545-15f5-4dd6-a819-1fb76cbd5f6e/clear - {}
RESULT: {}
RESULT: {}
COMMAND: POST /session/44c7900bc366562718367adb494f72a2/element/9377c545-15f5-4dd6-a819-1fb76cbd5f6e/value - {"text":"ngoquanghuyw22123412312@gmail.com"}
COMMAND: GET /session/44c7900bc366562718367adb494f72a2/title - {}
RESULT: {"text":"ngoquanghuyw22123412312@gmail.com"}
COMMAND: POST /session/44c7900bc366562718367adb494f72a2/element/e5b321c9-6efb-4ed8-8c5a-dd8bb0adef03/clear - {}
RESULT: {}
RESULT: {}
COMMAND: POST /session/44c7900bc366562718367adb494f72a2/element/e5b321c9-6efb-4ed8-8c5a-dd8bb0adef03/value - {"text":"Ngô Quang Huy"}
COMMAND: GET /session/44c7900bc366562718367adb494f72a2/title - {}
RESULT: {"text":"Ngô Quang Huy"}
COMMAND: POST /session/44c7900bc366562718367adb494f72a2/element/115fe259-743c-48cc-a621-f811dbcf8360/clear - {}
RESULT: {}
RESULT: {}
COMMAND: POST /session/44c7900bc366562718367adb494f72a2/element/115fe259-743c-48cc-a621-f811dbcf8360/value - {"text":"Huyvff@111"}
COMMAND: GET /session/44c7900bc366562718367adb494f72a2/title - {}
RESULT: {"text":"Huyvff@111"}
COMMAND: POST /session/44c7900bc366562718367adb494f72a2/element/68ea7503-9d83-4df8-aa49-a40af00b0dd1/clear - {}
RESULT: {}
RESULT: {}
COMMAND: POST /session/44c7900bc366562718367adb494f72a2/element/68ea7503-9d83-4df8-aa49-a40af00b0dd1/value - {"text":"Huyvff@111"}
COMMAND: GET /session/44c7900bc366562718367adb494f72a2/title - {}
RESULT: {"text":"Huyvff@111"}
COMMAND: POST /session/44c7900bc366562718367adb494f72a2/actions - {"actions":[{"id":"action2","type":"key","parameters":{},"actions":[{"type":"keyDown","value":""},{"type":"pause","duration":10},{"type":"keyUp","value":""}]}]}
RESULT: {}
RESULT: {"actions":[{"id":"action2","type":"key","parameters":{},"actions":[{"type":"keyDown","value":""},{"type":"pause","duration":10},{"type":"keyUp","value":""}]}]}
COMMAND: DELETE /session/44c7900bc366562718367adb494f72a2/actions - {}
RESULT: {}
COMMAND: GET /session/44c7900bc366562718367adb494f72a2/title - {}
RESULT: {}
COMMAND: GET /session/44c7900bc366562718367adb494f72a2/title - {}
RESULT: {}
COMMAND: GET /session/44c7900bc366562718367adb494f72a2/title - {}
RESULT: {}
COMMAND: GET /session/44c7900bc366562718367adb494f72a2/title - {}
RESULT: {}
COMMAND: GET /session/44c7900bc366562718367adb494f72a2/screenshot - {}
RESULT: {}
COMMAND: GET /session/44c7900bc366562718367adb494f72a2/title - {}
]]></system-out>
    </testcase>
    <testcase classname="chrome.113_0_5672_63.windows.Sign_Up_Test_Suite" name="should sign up fail email" time="13.332">
      <system-out><![CDATA[
COMMAND: POST /session/44c7900bc366562718367adb494f72a2/window/maximize - {}
COMMAND: POST /session/44c7900bc366562718367adb494f72a2/url - {"url":"http://localhost:3000/signUp"}
RESULT: {}
RESULT: {}
COMMAND: GET /session/44c7900bc366562718367adb494f72a2/title - {}
RESULT: {"url":"http://localhost:3000/signUp"}
COMMAND: POST /session/44c7900bc366562718367adb494f72a2/element - {"using":"css selector","value":"#usernameSignUp"}
RESULT: {}
RESULT: {"using":"css selector","value":"#usernameSignUp"}
COMMAND: POST /session/44c7900bc366562718367adb494f72a2/element - {"using":"css selector","value":"#emailSignUp"}
RESULT: {"using":"css selector","value":"#emailSignUp"}
COMMAND: POST /session/44c7900bc366562718367adb494f72a2/element - {"using":"css selector","value":"#fullNameSignUp"}
RESULT: {"using":"css selector","value":"#fullNameSignUp"}
COMMAND: POST /session/44c7900bc366562718367adb494f72a2/element - {"using":"css selector","value":"#passwordSignUp"}
RESULT: {"using":"css selector","value":"#passwordSignUp"}
COMMAND: POST /session/44c7900bc366562718367adb494f72a2/element - {"using":"css selector","value":"#confirmPasswordSignUp"}
COMMAND: GET /session/44c7900bc366562718367adb494f72a2/title - {}
RESULT: {"using":"css selector","value":"#confirmPasswordSignUp"}
COMMAND: POST /session/44c7900bc366562718367adb494f72a2/element/6a39b0a4-d19f-4b5b-bf54-58af0578bc0f/clear - {}
RESULT: {}
RESULT: {}
COMMAND: POST /session/44c7900bc366562718367adb494f72a2/element/6a39b0a4-d19f-4b5b-bf54-58af0578bc0f/value - {"text":"QuangHuy01tr"}
COMMAND: GET /session/44c7900bc366562718367adb494f72a2/title - {}
RESULT: {"text":"QuangHuy01tr"}
COMMAND: POST /session/44c7900bc366562718367adb494f72a2/element/31ed3713-deb0-4b36-b148-53c3b925ef08/clear - {}
RESULT: {}
RESULT: {}
COMMAND: POST /session/44c7900bc366562718367adb494f72a2/element/31ed3713-deb0-4b36-b148-53c3b925ef08/value - {"text":"ngoquanghuyw22@gmail.com"}
COMMAND: GET /session/44c7900bc366562718367adb494f72a2/title - {}
RESULT: {"text":"ngoquanghuyw22@gmail.com"}
COMMAND: POST /session/44c7900bc366562718367adb494f72a2/element/44736645-a835-43db-8d40-4cd68231a1a9/clear - {}
RESULT: {}
RESULT: {}
COMMAND: POST /session/44c7900bc366562718367adb494f72a2/element/44736645-a835-43db-8d40-4cd68231a1a9/value - {"text":"Ngô Quang Huy"}
COMMAND: GET /session/44c7900bc366562718367adb494f72a2/title - {}
RESULT: {"text":"Ngô Quang Huy"}
COMMAND: POST /session/44c7900bc366562718367adb494f72a2/element/299431fe-8a73-46db-9506-4b6195932a91/clear - {}
RESULT: {}
RESULT: {}
COMMAND: POST /session/44c7900bc366562718367adb494f72a2/element/299431fe-8a73-46db-9506-4b6195932a91/value - {"text":"Huyvff@111"}
RESULT: {"text":"Huyvff@111"}
COMMAND: POST /session/44c7900bc366562718367adb494f72a2/element/8a64c8c6-52f7-4646-bf49-399d5d276af9/clear - {}
RESULT: {}
COMMAND: POST /session/44c7900bc366562718367adb494f72a2/element/8a64c8c6-52f7-4646-bf49-399d5d276af9/value - {"text":"Huyvff@111"}
COMMAND: GET /session/44c7900bc366562718367adb494f72a2/title - {}
RESULT: {"text":"Huyvff@111"}
COMMAND: POST /session/44c7900bc366562718367adb494f72a2/actions - {"actions":[{"id":"action3","type":"key","parameters":{},"actions":[{"type":"keyDown","value":""},{"type":"pause","duration":10},{"type":"keyUp","value":""}]}]}
RESULT: {}
RESULT: {"actions":[{"id":"action3","type":"key","parameters":{},"actions":[{"type":"keyDown","value":""},{"type":"pause","duration":10},{"type":"keyUp","value":""}]}]}
COMMAND: DELETE /session/44c7900bc366562718367adb494f72a2/actions - {}
RESULT: {}
COMMAND: GET /session/44c7900bc366562718367adb494f72a2/title - {}
RESULT: {}
COMMAND: GET /session/44c7900bc366562718367adb494f72a2/title - {}
RESULT: {}
COMMAND: GET /session/44c7900bc366562718367adb494f72a2/title - {}
RESULT: {}
COMMAND: GET /session/44c7900bc366562718367adb494f72a2/title - {}
RESULT: {}
COMMAND: GET /session/44c7900bc366562718367adb494f72a2/title - {}
RESULT: {}
COMMAND: GET /session/44c7900bc366562718367adb494f72a2/screenshot - {}
RESULT: {}
COMMAND: GET /session/44c7900bc366562718367adb494f72a2/title - {}
]]></system-out>
    </testcase>
    <testcase classname="chrome.113_0_5672_63.windows.Sign_Up_Test_Suite" name="should sign up fail password" time="12.464">
      <system-out><![CDATA[
COMMAND: POST /session/44c7900bc366562718367adb494f72a2/window/maximize - {}
COMMAND: POST /session/44c7900bc366562718367adb494f72a2/url - {"url":"http://localhost:3000/signUp"}
RESULT: {}
RESULT: {}
COMMAND: GET /session/44c7900bc366562718367adb494f72a2/title - {}
RESULT: {"url":"http://localhost:3000/signUp"}
COMMAND: POST /session/44c7900bc366562718367adb494f72a2/element - {"using":"css selector","value":"#usernameSignUp"}
RESULT: {}
RESULT: {"using":"css selector","value":"#usernameSignUp"}
COMMAND: POST /session/44c7900bc366562718367adb494f72a2/element - {"using":"css selector","value":"#emailSignUp"}
RESULT: {"using":"css selector","value":"#emailSignUp"}
COMMAND: POST /session/44c7900bc366562718367adb494f72a2/element - {"using":"css selector","value":"#fullNameSignUp"}
RESULT: {"using":"css selector","value":"#fullNameSignUp"}
COMMAND: POST /session/44c7900bc366562718367adb494f72a2/element - {"using":"css selector","value":"#passwordSignUp"}
RESULT: {"using":"css selector","value":"#passwordSignUp"}
COMMAND: POST /session/44c7900bc366562718367adb494f72a2/element - {"using":"css selector","value":"#confirmPasswordSignUp"}
RESULT: {"using":"css selector","value":"#confirmPasswordSignUp"}
COMMAND: POST /session/44c7900bc366562718367adb494f72a2/element/36d14626-7c35-4829-bda6-680c98b7eef2/clear - {}
RESULT: {}
COMMAND: POST /session/44c7900bc366562718367adb494f72a2/element/36d14626-7c35-4829-bda6-680c98b7eef2/value - {"text":"QuangHuy0gg1"}
COMMAND: GET /session/44c7900bc366562718367adb494f72a2/title - {}
RESULT: {"text":"QuangHuy0gg1"}
COMMAND: POST /session/44c7900bc366562718367adb494f72a2/element/98a04594-622b-4db5-b97f-fbf6cc2d36fb/clear - {}
RESULT: {}
RESULT: {}
COMMAND: POST /session/44c7900bc366562718367adb494f72a2/element/98a04594-622b-4db5-b97f-fbf6cc2d36fb/value - {"text":"ngoquanghuyw22123412312@gmail.com"}
COMMAND: GET /session/44c7900bc366562718367adb494f72a2/title - {}
RESULT: {"text":"ngoquanghuyw22123412312@gmail.com"}
COMMAND: POST /session/44c7900bc366562718367adb494f72a2/element/22086de4-3ff0-484a-8d80-382ef790ff9a/clear - {}
RESULT: {}
RESULT: {}
COMMAND: POST /session/44c7900bc366562718367adb494f72a2/element/22086de4-3ff0-484a-8d80-382ef790ff9a/value - {"text":"Ngô Quang Huy"}
COMMAND: GET /session/44c7900bc366562718367adb494f72a2/title - {}
RESULT: {"text":"Ngô Quang Huy"}
COMMAND: POST /session/44c7900bc366562718367adb494f72a2/element/fcc08890-ad97-4eb6-af1e-436833149a87/clear - {}
RESULT: {}
RESULT: {}
COMMAND: POST /session/44c7900bc366562718367adb494f72a2/element/fcc08890-ad97-4eb6-af1e-436833149a87/value - {"text":"huyvff111"}
COMMAND: GET /session/44c7900bc366562718367adb494f72a2/title - {}
RESULT: {"text":"huyvff111"}
COMMAND: POST /session/44c7900bc366562718367adb494f72a2/element/2bc856cc-670d-4a54-aa1f-855c348bf0c3/clear - {}
RESULT: {}
RESULT: {}
COMMAND: POST /session/44c7900bc366562718367adb494f72a2/element/2bc856cc-670d-4a54-aa1f-855c348bf0c3/value - {"text":"huyvff111"}
COMMAND: GET /session/44c7900bc366562718367adb494f72a2/title - {}
RESULT: {"text":"huyvff111"}
COMMAND: POST /session/44c7900bc366562718367adb494f72a2/actions - {"actions":[{"id":"action4","type":"key","parameters":{},"actions":[{"type":"keyDown","value":""},{"type":"pause","duration":10},{"type":"keyUp","value":""}]}]}
RESULT: {}
RESULT: {"actions":[{"id":"action4","type":"key","parameters":{},"actions":[{"type":"keyDown","value":""},{"type":"pause","duration":10},{"type":"keyUp","value":""}]}]}
COMMAND: DELETE /session/44c7900bc366562718367adb494f72a2/actions - {}
RESULT: {}
COMMAND: GET /session/44c7900bc366562718367adb494f72a2/title - {}
RESULT: {}
COMMAND: GET /session/44c7900bc366562718367adb494f72a2/title - {}
RESULT: {}
COMMAND: GET /session/44c7900bc366562718367adb494f72a2/title - {}
RESULT: {}
COMMAND: GET /session/44c7900bc366562718367adb494f72a2/title - {}
RESULT: {}
COMMAND: GET /session/44c7900bc366562718367adb494f72a2/title - {}
RESULT: {}
COMMAND: GET /session/44c7900bc366562718367adb494f72a2/title - {}
RESULT: {}
COMMAND: GET /session/44c7900bc366562718367adb494f72a2/screenshot - {}
RESULT: {}
COMMAND: GET /session/44c7900bc366562718367adb494f72a2/title - {}
]]></system-out>
    </testcase>
    <testcase classname="chrome.113_0_5672_63.windows.Sign_Up_Test_Suite" name="should sign up fail passwordConfirm" time="10.061">
      <system-out><![CDATA[
COMMAND: POST /session/44c7900bc366562718367adb494f72a2/window/maximize - {}
COMMAND: POST /session/44c7900bc366562718367adb494f72a2/url - {"url":"http://localhost:3000/signUp"}
RESULT: {}
RESULT: {}
COMMAND: GET /session/44c7900bc366562718367adb494f72a2/title - {}
RESULT: {"url":"http://localhost:3000/signUp"}
COMMAND: POST /session/44c7900bc366562718367adb494f72a2/element - {"using":"css selector","value":"#usernameSignUp"}
RESULT: {}
RESULT: {"using":"css selector","value":"#usernameSignUp"}
COMMAND: POST /session/44c7900bc366562718367adb494f72a2/element - {"using":"css selector","value":"#emailSignUp"}
RESULT: {"using":"css selector","value":"#emailSignUp"}
COMMAND: POST /session/44c7900bc366562718367adb494f72a2/element - {"using":"css selector","value":"#fullNameSignUp"}
RESULT: {"using":"css selector","value":"#fullNameSignUp"}
COMMAND: POST /session/44c7900bc366562718367adb494f72a2/element - {"using":"css selector","value":"#passwordSignUp"}
RESULT: {"using":"css selector","value":"#passwordSignUp"}
COMMAND: POST /session/44c7900bc366562718367adb494f72a2/element - {"using":"css selector","value":"#confirmPasswordSignUp"}
RESULT: {"using":"css selector","value":"#confirmPasswordSignUp"}
COMMAND: POST /session/44c7900bc366562718367adb494f72a2/element/c1d90126-de93-42c1-87d9-5e01a5ce5210/clear - {}
RESULT: {}
COMMAND: POST /session/44c7900bc366562718367adb494f72a2/element/c1d90126-de93-42c1-87d9-5e01a5ce5210/value - {"text":"QuangHuy01dd"}
COMMAND: GET /session/44c7900bc366562718367adb494f72a2/title - {}
RESULT: {"text":"QuangHuy01dd"}
COMMAND: POST /session/44c7900bc366562718367adb494f72a2/element/805ae5fb-bcd7-416b-8511-19c4d30906fb/clear - {}
RESULT: {}
RESULT: {}
COMMAND: POST /session/44c7900bc366562718367adb494f72a2/element/805ae5fb-bcd7-416b-8511-19c4d30906fb/value - {"text":"ngoquanghuyw22123412312@gmail.com"}
COMMAND: GET /session/44c7900bc366562718367adb494f72a2/title - {}
RESULT: {"text":"ngoquanghuyw22123412312@gmail.com"}
COMMAND: POST /session/44c7900bc366562718367adb494f72a2/element/848e6fe9-29ae-4f4a-9937-5884c5b3dc04/clear - {}
RESULT: {}
RESULT: {}
COMMAND: POST /session/44c7900bc366562718367adb494f72a2/element/848e6fe9-29ae-4f4a-9937-5884c5b3dc04/value - {"text":"Ngô Quang Huy"}
COMMAND: GET /session/44c7900bc366562718367adb494f72a2/title - {}
RESULT: {"text":"Ngô Quang Huy"}
COMMAND: POST /session/44c7900bc366562718367adb494f72a2/element/cb5906d5-9529-4b0d-a939-8d3b45ee52a5/clear - {}
RESULT: {}
RESULT: {}
COMMAND: POST /session/44c7900bc366562718367adb494f72a2/element/cb5906d5-9529-4b0d-a939-8d3b45ee52a5/value - {"text":"Huyvff@111"}
RESULT: {"text":"Huyvff@111"}
COMMAND: POST /session/44c7900bc366562718367adb494f72a2/element/f5c59edb-d3bd-4dad-b4b4-f043dfe5ae2a/clear - {}
COMMAND: GET /session/44c7900bc366562718367adb494f72a2/title - {}
RESULT: {}
COMMAND: POST /session/44c7900bc366562718367adb494f72a2/element/f5c59edb-d3bd-4dad-b4b4-f043dfe5ae2a/value - {"text":"huyvff111"}
RESULT: {}
RESULT: {"text":"huyvff111"}
COMMAND: POST /session/44c7900bc366562718367adb494f72a2/actions - {"actions":[{"id":"action5","type":"key","parameters":{},"actions":[{"type":"keyDown","value":""},{"type":"pause","duration":10},{"type":"keyUp","value":""}]}]}
RESULT: {"actions":[{"id":"action5","type":"key","parameters":{},"actions":[{"type":"keyDown","value":""},{"type":"pause","duration":10},{"type":"keyUp","value":""}]}]}
COMMAND: DELETE /session/44c7900bc366562718367adb494f72a2/actions - {}
COMMAND: GET /session/44c7900bc366562718367adb494f72a2/title - {}
RESULT: {}
RESULT: {}
COMMAND: GET /session/44c7900bc366562718367adb494f72a2/title - {}
RESULT: {}
COMMAND: GET /session/44c7900bc366562718367adb494f72a2/title - {}
RESULT: {}
COMMAND: GET /session/44c7900bc366562718367adb494f72a2/title - {}
RESULT: {}
COMMAND: GET /session/44c7900bc366562718367adb494f72a2/title - {}
RESULT: {}
COMMAND: GET /session/44c7900bc366562718367adb494f72a2/title - {}
RESULT: {}
COMMAND: GET /session/44c7900bc366562718367adb494f72a2/title - {}
RESULT: {}
COMMAND: GET /session/44c7900bc366562718367adb494f72a2/title - {}
RESULT: {}
COMMAND: GET /session/44c7900bc366562718367adb494f72a2/title - {}
RESULT: {}
COMMAND: GET /session/44c7900bc366562718367adb494f72a2/title - {}
RESULT: {}
COMMAND: GET /session/44c7900bc366562718367adb494f72a2/screenshot - {}
COMMAND: GET /session/44c7900bc366562718367adb494f72a2/title - {}
RESULT: {}
COMMAND: GET /session/44c7900bc366562718367adb494f72a2/title - {}
RESULT: {}
COMMAND: DELETE /session/44c7900bc366562718367adb494f72a2 - {}
RESULT: {}
COMMAND: GET /session/44c7900bc366562718367adb494f72a2/title - {}
RESULT: {}
]]></system-out>
    </testcase>
  </testsuite>
</testsuites>