<?xml version="1.0" encoding="UTF-8"?>
<testsuites>
  <testsuite name="Add Match" timestamp="2023-05-05T21:46:31" time="56.301" tests="1" failures="0" errors="0" skipped="0">
    <properties>
      <property name="specId" value="0"/>
      <property name="suiteName" value="Add Match"/>
      <property name="capabilities" value="chrome.113_0_5672_63.windows"/>
      <property name="file" value="file:///E:/HCMUTE/video-editing/client/src/test/TestAddMatch01.js"/>
    </properties>
    <testcase classname="chrome.113_0_5672_63.windows.Add_Match" name="should Add Match successfully" time="56.294">
      <system-out><![CDATA[
COMMAND: POST /session/b34da4ff3bc5eb0d2a2500ad21ff991c/window/maximize - {}
COMMAND: POST /session/b34da4ff3bc5eb0d2a2500ad21ff991c/url - {"url":"http://localhost:3000/"}
RESULT: {}
RESULT: {"url":"http://localhost:3000/"}
COMMAND: POST /session/b34da4ff3bc5eb0d2a2500ad21ff991c/element - {"using":"css selector","value":"#login-username"}
RESULT: {"using":"css selector","value":"#login-username"}
COMMAND: POST /session/b34da4ff3bc5eb0d2a2500ad21ff991c/element/4e8d5ca8-7ce8-4a77-bd41-25ddd5e4fe74/clear - {}
RESULT: {}
COMMAND: POST /session/b34da4ff3bc5eb0d2a2500ad21ff991c/element/4e8d5ca8-7ce8-4a77-bd41-25ddd5e4fe74/value - {"text":"QuangHuy01"}
RESULT: {"text":"QuangHuy01"}
COMMAND: POST /session/b34da4ff3bc5eb0d2a2500ad21ff991c/element - {"using":"css selector","value":"#login-password"}
RESULT: {"using":"css selector","value":"#login-password"}
COMMAND: POST /session/b34da4ff3bc5eb0d2a2500ad21ff991c/element/3c2574a3-d618-4493-bb99-27aaf24d995c/clear - {}
RESULT: {}
COMMAND: POST /session/b34da4ff3bc5eb0d2a2500ad21ff991c/element/3c2574a3-d618-4493-bb99-27aaf24d995c/value - {"text":"Huyvff@111"}
RESULT: {"text":"Huyvff@111"}
COMMAND: POST /session/b34da4ff3bc5eb0d2a2500ad21ff991c/actions - {"actions":[{"id":"action1","type":"key","parameters":{},"actions":[{"type":"keyDown","value":""},{"type":"pause","duration":10},{"type":"keyUp","value":""}]}]}
RESULT: {"actions":[{"id":"action1","type":"key","parameters":{},"actions":[{"type":"keyDown","value":""},{"type":"pause","duration":10},{"type":"keyUp","value":""}]}]}
COMMAND: DELETE /session/b34da4ff3bc5eb0d2a2500ad21ff991c/actions - {}
RESULT: {}
COMMAND: POST /session/b34da4ff3bc5eb0d2a2500ad21ff991c/element - {"using":"css selector","value":"button[type=button]"}
RESULT: {"using":"css selector","value":"button[type=button]"}
COMMAND: POST /session/b34da4ff3bc5eb0d2a2500ad21ff991c/element - {"using":"css selector","value":"button[type=submit]"}
RESULT: {"using":"css selector","value":"button[type=submit]"}
COMMAND: POST /session/b34da4ff3bc5eb0d2a2500ad21ff991c/element - {"using":"css selector","value":"#\\:r8\\:"}
RESULT: {"using":"css selector","value":"#\\:r8\\:"}
COMMAND: POST /session/b34da4ff3bc5eb0d2a2500ad21ff991c/elements - {"using":"css selector","value":"#\\:r8\\:"}
RESULT: {"using":"css selector","value":"#\\:r8\\:"}
COMMAND: POST /session/b34da4ff3bc5eb0d2a2500ad21ff991c/elements - {"using":"css selector","value":"#\\:r8\\:"}
RESULT: {"using":"css selector","value":"#\\:r8\\:"}
COMMAND: POST /session/b34da4ff3bc5eb0d2a2500ad21ff991c/elements - {"using":"css selector","value":"#\\:r8\\:"}
RESULT: {"using":"css selector","value":"#\\:r8\\:"}
COMMAND: POST /session/b34da4ff3bc5eb0d2a2500ad21ff991c/elements - {"using":"css selector","value":"#\\:r8\\:"}
RESULT: {"using":"css selector","value":"#\\:r8\\:"}
COMMAND: POST /session/b34da4ff3bc5eb0d2a2500ad21ff991c/elements - {"using":"css selector","value":"#\\:r8\\:"}
RESULT: {"using":"css selector","value":"#\\:r8\\:"}
COMMAND: POST /session/b34da4ff3bc5eb0d2a2500ad21ff991c/elements - {"using":"css selector","value":"#\\:r8\\:"}
RESULT: {"using":"css selector","value":"#\\:r8\\:"}
COMMAND: POST /session/b34da4ff3bc5eb0d2a2500ad21ff991c/elements - {"using":"css selector","value":"#\\:r8\\:"}
RESULT: {"using":"css selector","value":"#\\:r8\\:"}
COMMAND: POST /session/b34da4ff3bc5eb0d2a2500ad21ff991c/elements - {"using":"css selector","value":"#\\:r8\\:"}
RESULT: {"using":"css selector","value":"#\\:r8\\:"}
COMMAND: POST /session/b34da4ff3bc5eb0d2a2500ad21ff991c/elements - {"using":"css selector","value":"#\\:r8\\:"}
RESULT: {"using":"css selector","value":"#\\:r8\\:"}
COMMAND: POST /session/b34da4ff3bc5eb0d2a2500ad21ff991c/element - {"using":"css selector","value":"#\\:r8\\:"}
RESULT: {"using":"css selector","value":"#\\:r8\\:"}
COMMAND: POST /session/b34da4ff3bc5eb0d2a2500ad21ff991c/element/dccd4b49-8e08-40d8-82c6-253215d13c40/clear - {}
RESULT: {}
COMMAND: POST /session/b34da4ff3bc5eb0d2a2500ad21ff991c/element/dccd4b49-8e08-40d8-82c6-253215d13c40/value - {"text":"HAGL vs SHB"}
RESULT: {"text":"HAGL vs SHB"}
COMMAND: POST /session/b34da4ff3bc5eb0d2a2500ad21ff991c/element - {"using":"css selector","value":"#\\:r9\\:"}
RESULT: {"using":"css selector","value":"#\\:r9\\:"}
COMMAND: POST /session/b34da4ff3bc5eb0d2a2500ad21ff991c/element/cf6dafcc-41b5-4599-a341-1fac4baf139d/clear - {}
RESULT: {}
COMMAND: POST /session/b34da4ff3bc5eb0d2a2500ad21ff991c/element/cf6dafcc-41b5-4599-a341-1fac4baf139d/value - {"text":""}
RESULT: {"text":""}
COMMAND: POST /session/b34da4ff3bc5eb0d2a2500ad21ff991c/element - {"using":"css selector","value":"#\\:ra\\:"}
RESULT: {"using":"css selector","value":"#\\:ra\\:"}
COMMAND: POST /session/b34da4ff3bc5eb0d2a2500ad21ff991c/element/63cd1b2f-3762-4dfa-91bd-db51f1773067/clear - {}
RESULT: {}
COMMAND: POST /session/b34da4ff3bc5eb0d2a2500ad21ff991c/element/63cd1b2f-3762-4dfa-91bd-db51f1773067/value - {"text":"VTV"}
RESULT: {"text":"VTV"}
COMMAND: POST /session/b34da4ff3bc5eb0d2a2500ad21ff991c/element - {"using":"css selector","value":"#\\:rb\\:"}
RESULT: {"using":"css selector","value":"#\\:rb\\:"}
COMMAND: POST /session/b34da4ff3bc5eb0d2a2500ad21ff991c/element/75806708-b02c-4840-8d59-cb17cfb1bcbf/clear - {}
RESULT: {}
COMMAND: POST /session/b34da4ff3bc5eb0d2a2500ad21ff991c/element/75806708-b02c-4840-8d59-cb17cfb1bcbf/value - {"text":"127.0.0.1"}
RESULT: {"text":"127.0.0.1"}
COMMAND: POST /session/b34da4ff3bc5eb0d2a2500ad21ff991c/element - {"using":"css selector","value":"#\\:rc\\:"}
RESULT: {"using":"css selector","value":"#\\:rc\\:"}
COMMAND: POST /session/b34da4ff3bc5eb0d2a2500ad21ff991c/element/569202a7-a451-45fb-aea0-c23c39ad52ea/clear - {}
RESULT: {}
COMMAND: POST /session/b34da4ff3bc5eb0d2a2500ad21ff991c/element/569202a7-a451-45fb-aea0-c23c39ad52ea/value - {"text":"3000"}
RESULT: {"text":"3000"}
COMMAND: POST /session/b34da4ff3bc5eb0d2a2500ad21ff991c/element/80894aee-d0cf-4fdd-b57f-45ff9837c9ee/click - {}
COMMAND: POST /session/b34da4ff3bc5eb0d2a2500ad21ff991c/element - {"using":"css selector","value":"button[type=submit]"}
RESULT: {"using":"css selector","value":"button[type=submit]"}
COMMAND: POST /session/b34da4ff3bc5eb0d2a2500ad21ff991c/element/80894aee-d0cf-4fdd-b57f-45ff9837c9ee/click - {}
COMMAND: POST /session/b34da4ff3bc5eb0d2a2500ad21ff991c/element - {"using":"css selector","value":"button[type=submit]"}
RESULT: {"using":"css selector","value":"button[type=submit]"}
COMMAND: POST /session/b34da4ff3bc5eb0d2a2500ad21ff991c/element/27d91937-0cf0-4ad0-9641-5f5440d75c15/click - {}
RESULT: {}
COMMAND: GET /session/b34da4ff3bc5eb0d2a2500ad21ff991c/screenshot - {}
RESULT: {}
COMMAND: GET /session/b34da4ff3bc5eb0d2a2500ad21ff991c/title - {}
COMMAND: DELETE /session/b34da4ff3bc5eb0d2a2500ad21ff991c - {}
RESULT: {}
COMMAND: GET /session/b34da4ff3bc5eb0d2a2500ad21ff991c/title - {}
RESULT: {}
]]></system-out>
    </testcase>
  </testsuite>
</testsuites>